[ 2025-12-25 18:45:07,147 ] 36 root - INFO - FeatureTypeInference initialized with 10000 rows, 6 columns
[ 2025-12-25 18:45:07,167 ] 53 root - INFO - Feature type inference complete. Classified 5 features
[ 2025-12-25 18:45:07,168 ] 49 root - INFO - IssueDetector initialized for dataset with 10000 rows, 6 columns
[ 2025-12-25 18:45:07,168 ] 36 root - INFO - FeatureTypeInference initialized with 10000 rows, 6 columns
[ 2025-12-25 18:45:07,179 ] 53 root - INFO - Feature type inference complete. Classified 5 features
[ 2025-12-25 18:45:07,179 ] 54 root - INFO - Feature types inferred: 5 features classified
[ 2025-12-25 18:45:07,179 ] 34 root - INFO - OutlierDetector initialized with 10000 rows
[ 2025-12-25 18:45:07,180 ] 186 root - INFO - ConstantFeatureDetector initialized (threshold=0.99)
[ 2025-12-25 18:45:07,180 ] 69 root - INFO - Starting comprehensive issue detection...
[ 2025-12-25 18:45:07,180 ] 83 root - INFO - Detecting missing values...
[ 2025-12-25 18:45:07,182 ] 142 root - INFO - No missing values detected
[ 2025-12-25 18:45:07,182 ] 147 root - INFO - Detecting outliers (continuous_numeric features only)...
[ 2025-12-25 18:45:07,187 ] 136 root - INFO - Outlier detection for 'Previous Scores': 0 outliers (0.00%), severity=low
[ 2025-12-25 18:45:07,187 ] 161 root - INFO - Detected outliers in 0 columns
[ 2025-12-25 18:45:07,187 ] 299 root - INFO - Detecting constant/near-constant features...
[ 2025-12-25 18:45:07,194 ] 266 root - INFO - Detected 0 constant/near-constant features
[ 2025-12-25 18:45:07,194 ] 338 root - INFO - No constant/near-constant features detected
[ 2025-12-25 18:45:07,194 ] 203 root - INFO - Checking for class imbalance...
[ 2025-12-25 18:45:07,196 ] 244 root - INFO - Detected class imbalance (ratio: 187.00:1, severity: high)
[ 2025-12-25 18:45:07,196 ] 251 root - INFO - Detecting high cardinality features...
[ 2025-12-25 18:45:07,197 ] 294 root - INFO - No high cardinality features detected
[ 2025-12-25 18:45:07,197 ] 77 root - INFO - Issue detection complete. Found 1 issues
[ 2025-12-25 18:45:13,196 ] 36 root - INFO - FeatureTypeInference initialized with 10000 rows, 6 columns
[ 2025-12-25 18:45:13,216 ] 53 root - INFO - Feature type inference complete. Classified 5 features
[ 2025-12-25 18:45:13,217 ] 49 root - INFO - IssueDetector initialized for dataset with 10000 rows, 6 columns
[ 2025-12-25 18:45:13,217 ] 36 root - INFO - FeatureTypeInference initialized with 10000 rows, 6 columns
[ 2025-12-25 18:45:13,231 ] 53 root - INFO - Feature type inference complete. Classified 5 features
[ 2025-12-25 18:45:13,231 ] 54 root - INFO - Feature types inferred: 5 features classified
[ 2025-12-25 18:45:13,231 ] 34 root - INFO - OutlierDetector initialized with 10000 rows
[ 2025-12-25 18:45:13,231 ] 186 root - INFO - ConstantFeatureDetector initialized (threshold=0.99)
[ 2025-12-25 18:45:13,231 ] 69 root - INFO - Starting comprehensive issue detection...
[ 2025-12-25 18:45:13,231 ] 83 root - INFO - Detecting missing values...
[ 2025-12-25 18:45:13,233 ] 142 root - INFO - No missing values detected
[ 2025-12-25 18:45:13,233 ] 147 root - INFO - Detecting outliers (continuous_numeric features only)...
[ 2025-12-25 18:45:13,237 ] 136 root - INFO - Outlier detection for 'Previous Scores': 0 outliers (0.00%), severity=low
[ 2025-12-25 18:45:13,237 ] 161 root - INFO - Detected outliers in 0 columns
[ 2025-12-25 18:45:13,237 ] 299 root - INFO - Detecting constant/near-constant features...
[ 2025-12-25 18:45:13,242 ] 266 root - INFO - Detected 0 constant/near-constant features
[ 2025-12-25 18:45:13,242 ] 338 root - INFO - No constant/near-constant features detected
[ 2025-12-25 18:45:13,242 ] 203 root - INFO - Checking for class imbalance...
[ 2025-12-25 18:45:13,243 ] 244 root - INFO - Detected class imbalance (ratio: 187.00:1, severity: high)
[ 2025-12-25 18:45:13,243 ] 251 root - INFO - Detecting high cardinality features...
[ 2025-12-25 18:45:13,243 ] 294 root - INFO - No high cardinality features detected
[ 2025-12-25 18:45:13,244 ] 77 root - INFO - Issue detection complete. Found 1 issues
[ 2025-12-25 18:45:16,930 ] 28 root - INFO - Entered the data ingestion component
[ 2025-12-25 18:45:16,976 ] 34 root - INFO - Saved raw dataset to artifacts
[ 2025-12-25 18:45:17,031 ] 40 root - INFO - Saved train/test splits to artifacts
[ 2025-12-25 18:45:37,905 ] 46 root - INFO - Generated EDA report
[ 2025-12-25 18:45:37,949 ] 36 root - INFO - FeatureTypeInference initialized with 10000 rows, 6 columns
[ 2025-12-25 18:45:37,983 ] 53 root - INFO - Feature type inference complete. Classified 5 features
[ 2025-12-25 18:45:37,983 ] 216 root - INFO - Column groups \u2192 numeric:['Previous Scores'], categorical:['Hours Studied', 'Extracurricular Activities', 'Sleep Hours', 'Sample Question Papers Practiced'], datetime(dropped):[], id_like(dropped):[]
[ 2025-12-25 18:45:37,985 ] 42 root - INFO - PreprocessingApplicator initialized with 10000 rows, 6 columns
[ 2025-12-25 18:45:37,985 ] 346 root - INFO - Applying class imbalance handling: class_weights...
[ 2025-12-25 18:45:37,986 ] 362 root - INFO - Class weights will be applied during model training: {67.0: 187, 45.0: 185, 49.0: 181, 56.0: 181, 40.0: 180, 61.0: 176, 74.0: 174, 41.0: 174, 59.0: 173, 43.0: 172, 46.0: 172, 47.0: 171, 57.0: 169, 72.0: 168, 60.0: 168, 64.0: 166, 54.0: 166, 38.0: 165, 50.0: 165, 42.0: 165, 62.0: 163, 52.0: 163, 66.0: 162, 73.0: 160, 48.0: 160, 53.0: 159, 69.0: 157, 68.0: 157, 39.0: 156, 37.0: 155, 71.0: 154, 55.0: 153, 34.0: 151, 65.0: 150, 63.0: 150, 70.0: 149, 44.0: 149, 58.0: 148, 36.0: 145, 77.0: 143, 51.0: 142, 78.0: 138, 75.0: 136, 33.0: 129, 76.0: 128, 35.0: 127, 32.0: 127, 79.0: 125, 82.0: 121, 81.0: 116, 31.0: 111, 80.0: 109, 30.0: 108, 26.0: 105, 29.0: 102, 84.0: 101, 28.0: 101, 83.0: 96, 27.0: 95, 24.0: 87, 85.0: 86, 25.0: 84, 87.0: 79, 86.0: 72, 23.0: 69, 88.0: 65, 89.0: 64, 90.0: 61, 20.0: 58, 18.0: 51, 21.0: 50, 22.0: 47, 91.0: 44, 17.0: 35, 93.0: 35, 19.0: 34, 92.0: 32, 16.0: 30, 95.0: 29, 94.0: 26, 15.0: 26, 96.0: 14, 13.0: 13, 97.0: 13, 12.0: 8, 98.0: 7, 14.0: 7, 99.0: 6, 11.0: 5, 100.0: 3, 10.0: 1}
[ 2025-12-25 18:45:37,997 ] 473 root - ERROR - Pipeline Error: Error occured in python script name [F:\ML\Project\AutoML_Project\src\components\data_transformation.py] line number [263] error message[The least populated classes in y have only 1 member, which is too few. The minimum number of groups for any class cannot be less than 2. Classes with too few members are: [10.0]]
[ 2025-12-25 18:46:23,484 ] 36 root - INFO - FeatureTypeInference initialized with 10000 rows, 6 columns
[ 2025-12-25 18:46:23,498 ] 53 root - INFO - Feature type inference complete. Classified 5 features
[ 2025-12-25 18:46:23,498 ] 49 root - INFO - IssueDetector initialized for dataset with 10000 rows, 6 columns
[ 2025-12-25 18:46:23,499 ] 36 root - INFO - FeatureTypeInference initialized with 10000 rows, 6 columns
[ 2025-12-25 18:46:23,511 ] 53 root - INFO - Feature type inference complete. Classified 5 features
[ 2025-12-25 18:46:23,511 ] 54 root - INFO - Feature types inferred: 5 features classified
[ 2025-12-25 18:46:23,512 ] 34 root - INFO - OutlierDetector initialized with 10000 rows
[ 2025-12-25 18:46:23,512 ] 186 root - INFO - ConstantFeatureDetector initialized (threshold=0.99)
[ 2025-12-25 18:46:23,512 ] 69 root - INFO - Starting comprehensive issue detection...
[ 2025-12-25 18:46:23,513 ] 83 root - INFO - Detecting missing values...
[ 2025-12-25 18:46:23,515 ] 142 root - INFO - No missing values detected
[ 2025-12-25 18:46:23,515 ] 147 root - INFO - Detecting outliers (continuous_numeric features only)...
[ 2025-12-25 18:46:23,520 ] 136 root - INFO - Outlier detection for 'Previous Scores': 0 outliers (0.00%), severity=low
[ 2025-12-25 18:46:23,521 ] 161 root - INFO - Detected outliers in 0 columns
[ 2025-12-25 18:46:23,521 ] 299 root - INFO - Detecting constant/near-constant features...
[ 2025-12-25 18:46:23,529 ] 266 root - INFO - Detected 0 constant/near-constant features
[ 2025-12-25 18:46:23,529 ] 338 root - INFO - No constant/near-constant features detected
[ 2025-12-25 18:46:23,530 ] 203 root - INFO - Checking for class imbalance...
[ 2025-12-25 18:46:23,531 ] 244 root - INFO - Detected class imbalance (ratio: 187.00:1, severity: high)
[ 2025-12-25 18:46:23,532 ] 251 root - INFO - Detecting high cardinality features...
[ 2025-12-25 18:46:23,532 ] 294 root - INFO - No high cardinality features detected
[ 2025-12-25 18:46:23,532 ] 77 root - INFO - Issue detection complete. Found 1 issues
[ 2025-12-25 18:46:29,777 ] 36 root - INFO - FeatureTypeInference initialized with 10000 rows, 6 columns
[ 2025-12-25 18:46:29,796 ] 53 root - INFO - Feature type inference complete. Classified 5 features
[ 2025-12-25 18:46:29,797 ] 49 root - INFO - IssueDetector initialized for dataset with 10000 rows, 6 columns
[ 2025-12-25 18:46:29,797 ] 36 root - INFO - FeatureTypeInference initialized with 10000 rows, 6 columns
[ 2025-12-25 18:46:29,812 ] 53 root - INFO - Feature type inference complete. Classified 5 features
[ 2025-12-25 18:46:29,813 ] 54 root - INFO - Feature types inferred: 5 features classified
[ 2025-12-25 18:46:29,813 ] 34 root - INFO - OutlierDetector initialized with 10000 rows
[ 2025-12-25 18:46:29,813 ] 186 root - INFO - ConstantFeatureDetector initialized (threshold=0.99)
[ 2025-12-25 18:46:29,814 ] 69 root - INFO - Starting comprehensive issue detection...
[ 2025-12-25 18:46:29,814 ] 83 root - INFO - Detecting missing values...
[ 2025-12-25 18:46:29,818 ] 142 root - INFO - No missing values detected
[ 2025-12-25 18:46:29,818 ] 147 root - INFO - Detecting outliers (continuous_numeric features only)...
[ 2025-12-25 18:46:29,823 ] 136 root - INFO - Outlier detection for 'Previous Scores': 0 outliers (0.00%), severity=low
[ 2025-12-25 18:46:29,823 ] 161 root - INFO - Detected outliers in 0 columns
[ 2025-12-25 18:46:29,824 ] 299 root - INFO - Detecting constant/near-constant features...
[ 2025-12-25 18:46:29,830 ] 266 root - INFO - Detected 0 constant/near-constant features
[ 2025-12-25 18:46:29,830 ] 338 root - INFO - No constant/near-constant features detected
[ 2025-12-25 18:46:29,830 ] 203 root - INFO - Checking for class imbalance...
[ 2025-12-25 18:46:29,831 ] 244 root - INFO - Detected class imbalance (ratio: 187.00:1, severity: high)
[ 2025-12-25 18:46:29,832 ] 251 root - INFO - Detecting high cardinality features...
[ 2025-12-25 18:46:29,832 ] 294 root - INFO - No high cardinality features detected
[ 2025-12-25 18:46:29,832 ] 77 root - INFO - Issue detection complete. Found 1 issues
[ 2025-12-25 18:46:30,591 ] 36 root - INFO - FeatureTypeInference initialized with 10000 rows, 6 columns
[ 2025-12-25 18:46:30,622 ] 53 root - INFO - Feature type inference complete. Classified 5 features
[ 2025-12-25 18:46:30,623 ] 49 root - INFO - IssueDetector initialized for dataset with 10000 rows, 6 columns
[ 2025-12-25 18:46:30,623 ] 36 root - INFO - FeatureTypeInference initialized with 10000 rows, 6 columns
[ 2025-12-25 18:46:30,640 ] 53 root - INFO - Feature type inference complete. Classified 5 features
[ 2025-12-25 18:46:30,640 ] 54 root - INFO - Feature types inferred: 5 features classified
[ 2025-12-25 18:46:30,640 ] 34 root - INFO - OutlierDetector initialized with 10000 rows
[ 2025-12-25 18:46:30,640 ] 186 root - INFO - ConstantFeatureDetector initialized (threshold=0.99)
[ 2025-12-25 18:46:30,641 ] 69 root - INFO - Starting comprehensive issue detection...
[ 2025-12-25 18:46:30,641 ] 83 root - INFO - Detecting missing values...
[ 2025-12-25 18:46:30,643 ] 142 root - INFO - No missing values detected
[ 2025-12-25 18:46:30,643 ] 147 root - INFO - Detecting outliers (continuous_numeric features only)...
[ 2025-12-25 18:46:30,648 ] 136 root - INFO - Outlier detection for 'Previous Scores': 0 outliers (0.00%), severity=low
[ 2025-12-25 18:46:30,648 ] 161 root - INFO - Detected outliers in 0 columns
[ 2025-12-25 18:46:30,648 ] 299 root - INFO - Detecting constant/near-constant features...
[ 2025-12-25 18:46:30,655 ] 266 root - INFO - Detected 0 constant/near-constant features
[ 2025-12-25 18:46:30,655 ] 338 root - INFO - No constant/near-constant features detected
[ 2025-12-25 18:46:30,656 ] 203 root - INFO - Checking for class imbalance...
[ 2025-12-25 18:46:30,658 ] 244 root - INFO - Detected class imbalance (ratio: 187.00:1, severity: high)
[ 2025-12-25 18:46:30,658 ] 251 root - INFO - Detecting high cardinality features...
[ 2025-12-25 18:46:30,658 ] 294 root - INFO - No high cardinality features detected
[ 2025-12-25 18:46:30,658 ] 77 root - INFO - Issue detection complete. Found 1 issues
[ 2025-12-25 18:46:37,539 ] 28 root - INFO - Entered the data ingestion component
[ 2025-12-25 18:46:37,576 ] 34 root - INFO - Saved raw dataset to artifacts
[ 2025-12-25 18:46:37,624 ] 40 root - INFO - Saved train/test splits to artifacts
[ 2025-12-25 18:46:37,825 ] 28 root - INFO - Entered the data ingestion component
[ 2025-12-25 18:46:37,866 ] 34 root - INFO - Saved raw dataset to artifacts
[ 2025-12-25 18:46:38,006 ] 40 root - INFO - Saved train/test splits to artifacts
[ 2025-12-25 18:47:10,382 ] 46 root - INFO - Generated EDA report
[ 2025-12-25 18:47:10,474 ] 36 root - INFO - FeatureTypeInference initialized with 10000 rows, 6 columns
[ 2025-12-25 18:47:10,559 ] 53 root - INFO - Feature type inference complete. Classified 5 features
[ 2025-12-25 18:47:10,559 ] 216 root - INFO - Column groups \u2192 numeric:['Previous Scores'], categorical:['Hours Studied', 'Extracurricular Activities', 'Sleep Hours', 'Sample Question Papers Practiced'], datetime(dropped):[], id_like(dropped):[]
[ 2025-12-25 18:47:10,561 ] 42 root - INFO - PreprocessingApplicator initialized with 10000 rows, 6 columns
[ 2025-12-25 18:47:10,562 ] 346 root - INFO - Applying class imbalance handling: no action...
[ 2025-12-25 18:47:10,570 ] 473 root - ERROR - Pipeline Error: Error occured in python script name [F:\ML\Project\AutoML_Project\src\components\data_transformation.py] line number [263] error message[The least populated classes in y have only 1 member, which is too few. The minimum number of groups for any class cannot be less than 2. Classes with too few members are: [10.0]]
[ 2025-12-25 18:47:12,187 ] 46 root - INFO - Generated EDA report
[ 2025-12-25 18:52:14,205 ] 36 root - INFO - FeatureTypeInference initialized with 10000 rows, 14 columns
[ 2025-12-25 18:52:14,264 ] 53 root - INFO - Feature type inference complete. Classified 13 features
[ 2025-12-25 18:52:14,265 ] 49 root - INFO - IssueDetector initialized for dataset with 10000 rows, 14 columns
[ 2025-12-25 18:52:14,265 ] 36 root - INFO - FeatureTypeInference initialized with 10000 rows, 14 columns
[ 2025-12-25 18:52:14,305 ] 53 root - INFO - Feature type inference complete. Classified 13 features
[ 2025-12-25 18:52:14,305 ] 54 root - INFO - Feature types inferred: 13 features classified
[ 2025-12-25 18:52:14,305 ] 34 root - INFO - OutlierDetector initialized with 10000 rows
[ 2025-12-25 18:52:14,306 ] 186 root - INFO - ConstantFeatureDetector initialized (threshold=0.99)
[ 2025-12-25 18:52:14,306 ] 69 root - INFO - Starting comprehensive issue detection...
[ 2025-12-25 18:52:14,306 ] 83 root - INFO - Detecting missing values...
[ 2025-12-25 18:52:14,309 ] 142 root - INFO - No missing values detected
[ 2025-12-25 18:52:14,310 ] 147 root - INFO - Detecting outliers (continuous_numeric features only)...
[ 2025-12-25 18:52:14,313 ] 136 root - INFO - Outlier detection for 'CreditScore': 15 outliers (0.15%), severity=low
[ 2025-12-25 18:52:14,316 ] 136 root - INFO - Outlier detection for 'Age': 359 outliers (3.59%), severity=medium
[ 2025-12-25 18:52:14,320 ] 136 root - INFO - Outlier detection for 'Balance': 0 outliers (0.00%), severity=low
[ 2025-12-25 18:52:14,323 ] 136 root - INFO - Outlier detection for 'EstimatedSalary': 0 outliers (0.00%), severity=low
[ 2025-12-25 18:52:14,323 ] 161 root - INFO - Detected outliers in 2 columns
[ 2025-12-25 18:52:14,323 ] 194 root - INFO - Detected outliers in 2 columns
[ 2025-12-25 18:52:14,323 ] 299 root - INFO - Detecting constant/near-constant features...
[ 2025-12-25 18:52:14,341 ] 266 root - INFO - Detected 0 constant/near-constant features
[ 2025-12-25 18:52:14,341 ] 338 root - INFO - No constant/near-constant features detected
[ 2025-12-25 18:52:14,341 ] 203 root - INFO - Checking for class imbalance...
[ 2025-12-25 18:52:14,343 ] 244 root - INFO - Detected class imbalance (ratio: 3.91:1, severity: medium)
[ 2025-12-25 18:52:14,343 ] 251 root - INFO - Detecting high cardinality features...
[ 2025-12-25 18:52:14,343 ] 292 root - INFO - Detected high cardinality in 1 features
[ 2025-12-25 18:52:14,343 ] 77 root - INFO - Issue detection complete. Found 4 issues
[ 2025-12-25 18:52:32,510 ] 36 root - INFO - FeatureTypeInference initialized with 10000 rows, 14 columns
[ 2025-12-25 18:52:32,564 ] 53 root - INFO - Feature type inference complete. Classified 13 features
[ 2025-12-25 18:52:32,564 ] 49 root - INFO - IssueDetector initialized for dataset with 10000 rows, 14 columns
[ 2025-12-25 18:52:32,564 ] 36 root - INFO - FeatureTypeInference initialized with 10000 rows, 14 columns
[ 2025-12-25 18:52:32,611 ] 53 root - INFO - Feature type inference complete. Classified 13 features
[ 2025-12-25 18:52:32,612 ] 54 root - INFO - Feature types inferred: 13 features classified
[ 2025-12-25 18:52:32,612 ] 34 root - INFO - OutlierDetector initialized with 10000 rows
[ 2025-12-25 18:52:32,612 ] 186 root - INFO - ConstantFeatureDetector initialized (threshold=0.99)
[ 2025-12-25 18:52:32,612 ] 69 root - INFO - Starting comprehensive issue detection...
[ 2025-12-25 18:52:32,612 ] 83 root - INFO - Detecting missing values...
[ 2025-12-25 18:52:32,616 ] 142 root - INFO - No missing values detected
[ 2025-12-25 18:52:32,616 ] 147 root - INFO - Detecting outliers (continuous_numeric features only)...
[ 2025-12-25 18:52:32,621 ] 136 root - INFO - Outlier detection for 'CreditScore': 15 outliers (0.15%), severity=low
[ 2025-12-25 18:52:32,625 ] 136 root - INFO - Outlier detection for 'Age': 359 outliers (3.59%), severity=medium
[ 2025-12-25 18:52:32,630 ] 136 root - INFO - Outlier detection for 'Balance': 0 outliers (0.00%), severity=low
[ 2025-12-25 18:52:32,634 ] 136 root - INFO - Outlier detection for 'EstimatedSalary': 0 outliers (0.00%), severity=low
[ 2025-12-25 18:52:32,635 ] 161 root - INFO - Detected outliers in 2 columns
[ 2025-12-25 18:52:32,635 ] 194 root - INFO - Detected outliers in 2 columns
[ 2025-12-25 18:52:32,635 ] 299 root - INFO - Detecting constant/near-constant features...
[ 2025-12-25 18:52:32,660 ] 266 root - INFO - Detected 0 constant/near-constant features
[ 2025-12-25 18:52:32,660 ] 338 root - INFO - No constant/near-constant features detected
[ 2025-12-25 18:52:32,660 ] 203 root - INFO - Checking for class imbalance...
[ 2025-12-25 18:52:32,662 ] 244 root - INFO - Detected class imbalance (ratio: 3.91:1, severity: medium)
[ 2025-12-25 18:52:32,662 ] 251 root - INFO - Detecting high cardinality features...
[ 2025-12-25 18:52:32,662 ] 292 root - INFO - Detected high cardinality in 1 features
[ 2025-12-25 18:52:32,663 ] 77 root - INFO - Issue detection complete. Found 4 issues
[ 2025-12-25 18:52:36,740 ] 36 root - INFO - FeatureTypeInference initialized with 10000 rows, 14 columns
[ 2025-12-25 18:52:36,785 ] 53 root - INFO - Feature type inference complete. Classified 13 features
[ 2025-12-25 18:52:36,785 ] 49 root - INFO - IssueDetector initialized for dataset with 10000 rows, 14 columns
[ 2025-12-25 18:52:36,785 ] 36 root - INFO - FeatureTypeInference initialized with 10000 rows, 14 columns
[ 2025-12-25 18:52:36,827 ] 53 root - INFO - Feature type inference complete. Classified 13 features
[ 2025-12-25 18:52:36,828 ] 54 root - INFO - Feature types inferred: 13 features classified
[ 2025-12-25 18:52:36,828 ] 34 root - INFO - OutlierDetector initialized with 10000 rows
[ 2025-12-25 18:52:36,828 ] 186 root - INFO - ConstantFeatureDetector initialized (threshold=0.99)
[ 2025-12-25 18:52:36,828 ] 69 root - INFO - Starting comprehensive issue detection...
[ 2025-12-25 18:52:36,828 ] 83 root - INFO - Detecting missing values...
[ 2025-12-25 18:52:36,833 ] 142 root - INFO - No missing values detected
[ 2025-12-25 18:52:36,833 ] 147 root - INFO - Detecting outliers (continuous_numeric features only)...
[ 2025-12-25 18:52:36,838 ] 136 root - INFO - Outlier detection for 'CreditScore': 15 outliers (0.15%), severity=low
[ 2025-12-25 18:52:36,841 ] 136 root - INFO - Outlier detection for 'Age': 359 outliers (3.59%), severity=medium
[ 2025-12-25 18:52:36,844 ] 136 root - INFO - Outlier detection for 'Balance': 0 outliers (0.00%), severity=low
[ 2025-12-25 18:52:36,849 ] 136 root - INFO - Outlier detection for 'EstimatedSalary': 0 outliers (0.00%), severity=low
[ 2025-12-25 18:52:36,849 ] 161 root - INFO - Detected outliers in 2 columns
[ 2025-12-25 18:52:36,850 ] 194 root - INFO - Detected outliers in 2 columns
[ 2025-12-25 18:52:36,850 ] 299 root - INFO - Detecting constant/near-constant features...
[ 2025-12-25 18:52:36,877 ] 266 root - INFO - Detected 0 constant/near-constant features
[ 2025-12-25 18:52:36,877 ] 338 root - INFO - No constant/near-constant features detected
[ 2025-12-25 18:52:36,877 ] 203 root - INFO - Checking for class imbalance...
[ 2025-12-25 18:52:36,878 ] 244 root - INFO - Detected class imbalance (ratio: 3.91:1, severity: medium)
[ 2025-12-25 18:52:36,879 ] 251 root - INFO - Detecting high cardinality features...
[ 2025-12-25 18:52:36,879 ] 292 root - INFO - Detected high cardinality in 1 features
[ 2025-12-25 18:52:36,879 ] 77 root - INFO - Issue detection complete. Found 4 issues
[ 2025-12-25 18:52:46,026 ] 36 root - INFO - FeatureTypeInference initialized with 10000 rows, 14 columns
[ 2025-12-25 18:52:46,077 ] 53 root - INFO - Feature type inference complete. Classified 13 features
[ 2025-12-25 18:52:46,078 ] 49 root - INFO - IssueDetector initialized for dataset with 10000 rows, 14 columns
[ 2025-12-25 18:52:46,078 ] 36 root - INFO - FeatureTypeInference initialized with 10000 rows, 14 columns
[ 2025-12-25 18:52:46,121 ] 53 root - INFO - Feature type inference complete. Classified 13 features
[ 2025-12-25 18:52:46,121 ] 54 root - INFO - Feature types inferred: 13 features classified
[ 2025-12-25 18:52:46,121 ] 34 root - INFO - OutlierDetector initialized with 10000 rows
[ 2025-12-25 18:52:46,121 ] 186 root - INFO - ConstantFeatureDetector initialized (threshold=0.99)
[ 2025-12-25 18:52:46,121 ] 69 root - INFO - Starting comprehensive issue detection...
[ 2025-12-25 18:52:46,121 ] 83 root - INFO - Detecting missing values...
[ 2025-12-25 18:52:46,125 ] 142 root - INFO - No missing values detected
[ 2025-12-25 18:52:46,125 ] 147 root - INFO - Detecting outliers (continuous_numeric features only)...
[ 2025-12-25 18:52:46,130 ] 136 root - INFO - Outlier detection for 'CreditScore': 15 outliers (0.15%), severity=low
[ 2025-12-25 18:52:46,135 ] 136 root - INFO - Outlier detection for 'Age': 359 outliers (3.59%), severity=medium
[ 2025-12-25 18:52:46,140 ] 136 root - INFO - Outlier detection for 'Balance': 0 outliers (0.00%), severity=low
[ 2025-12-25 18:52:46,144 ] 136 root - INFO - Outlier detection for 'EstimatedSalary': 0 outliers (0.00%), severity=low
[ 2025-12-25 18:52:46,144 ] 161 root - INFO - Detected outliers in 2 columns
[ 2025-12-25 18:52:46,145 ] 194 root - INFO - Detected outliers in 2 columns
[ 2025-12-25 18:52:46,145 ] 299 root - INFO - Detecting constant/near-constant features...
[ 2025-12-25 18:52:46,173 ] 266 root - INFO - Detected 0 constant/near-constant features
[ 2025-12-25 18:52:46,173 ] 338 root - INFO - No constant/near-constant features detected
[ 2025-12-25 18:52:46,173 ] 203 root - INFO - Checking for class imbalance...
[ 2025-12-25 18:52:46,174 ] 244 root - INFO - Detected class imbalance (ratio: 3.91:1, severity: medium)
[ 2025-12-25 18:52:46,174 ] 251 root - INFO - Detecting high cardinality features...
[ 2025-12-25 18:52:46,174 ] 292 root - INFO - Detected high cardinality in 1 features
[ 2025-12-25 18:52:46,174 ] 77 root - INFO - Issue detection complete. Found 4 issues
[ 2025-12-25 18:52:48,693 ] 28 root - INFO - Entered the data ingestion component
[ 2025-12-25 18:52:48,793 ] 34 root - INFO - Saved raw dataset to artifacts
[ 2025-12-25 18:52:48,905 ] 40 root - INFO - Saved train/test splits to artifacts
[ 2025-12-25 18:53:27,759 ] 46 root - INFO - Generated EDA report
[ 2025-12-25 18:53:27,858 ] 36 root - INFO - FeatureTypeInference initialized with 10000 rows, 14 columns
[ 2025-12-25 18:53:27,938 ] 53 root - INFO - Feature type inference complete. Classified 13 features
[ 2025-12-25 18:53:27,938 ] 216 root - INFO - Column groups \u2192 numeric:['CreditScore', 'Age', 'Tenure', 'Balance', 'EstimatedSalary'], categorical:['Surname', 'Geography', 'Gender', 'NumOfProducts', 'HasCrCard', 'IsActiveMember'], datetime(dropped):[], id_like(dropped):['RowNumber', 'CustomerId']
[ 2025-12-25 18:53:27,948 ] 42 root - INFO - PreprocessingApplicator initialized with 10000 rows, 12 columns
[ 2025-12-25 18:53:27,949 ] 190 root - INFO - Applying outlier handling...
[ 2025-12-25 18:53:27,950 ] 346 root - INFO - Applying class imbalance handling: no action...
[ 2025-12-25 18:53:28,006 ] 75 root - INFO - Categorical columns: ['Surname', 'Geography', 'Gender', 'NumOfProducts', 'HasCrCard', 'IsActiveMember']
[ 2025-12-25 18:53:28,006 ] 76 root - INFO - Numerical columns: ['CreditScore', 'Age', 'Tenure', 'Balance', 'EstimatedSalary']
[ 2025-12-25 18:53:35,363 ] 37 root - INFO - Split training and test input data
[ 2025-12-25 18:54:05,644 ] 91 root - INFO - Search params for Random Forest: {'n_estimators': 16, 'max_depth': 5}
[ 2025-12-25 18:54:05,989 ] 127 root - INFO - Random Forest - Acc: 0.7965, Prec: 0.0000, Rec: 0.0000, F1: 0.0000, Time: 30.28s
[ 2025-12-25 18:54:30,147 ] 91 root - INFO - Search params for Decision Tree: {'max_depth': 5, 'criterion': 'gini'}
[ 2025-12-25 18:54:30,355 ] 127 root - INFO - Decision Tree - Acc: 0.8570, Prec: 0.7153, Rec: 0.4939, F1: 0.5843, Time: 24.16s
[ 2025-12-25 18:54:48,130 ] 91 root - INFO - Search params for Logistic Regression: {'solver': 'lbfgs', 'penalty': 'l2', 'C': 1.0}
[ 2025-12-25 18:54:48,315 ] 127 root - INFO - Logistic Regression - Acc: 0.7925, Prec: 0.4847, Rec: 0.3120, F1: 0.3797, Time: 17.77s
[ 2025-12-25 18:55:34,924 ] 91 root - INFO - Search params for AdaBoost Classifier: {'n_estimators': 16, 'learning_rate': 1.0}
[ 2025-12-25 18:55:37,733 ] 127 root - INFO - AdaBoost Classifier - Acc: 0.8465, Prec: 0.6838, Rec: 0.4570, F1: 0.5479, Time: 46.61s
[ 2025-12-25 18:55:56,005 ] 91 root - INFO - Search params for K-Nearest Neighbors: {'n_neighbors': 5, 'metric': 'euclidean'}
[ 2025-12-25 18:56:11,287 ] 127 root - INFO - K-Nearest Neighbors - Acc: 0.7730, Prec: 0.3058, Rec: 0.0909, F1: 0.1402, Time: 18.27s
[ 2025-12-25 18:56:13,915 ] 127 root - INFO - Naive Bayes - Acc: 0.3475, Prec: 0.2030, Rec: 0.7543, F1: 0.3200, Time: 1.71s
[ 2025-12-25 18:56:30,128 ] 113 root - WARNING - OneR Classifier lacks predict_proba; ROC-AUC skipped
[ 2025-12-25 18:56:30,128 ] 127 root - INFO - OneR Classifier - Acc: 0.7965, Prec: 0.0000, Rec: 0.0000, F1: 0.0000, Time: 15.75s
[ 2025-12-25 18:56:30,134 ] 121 root - INFO - Best found model: Decision Tree
[ 2025-12-25 18:56:49,555 ] 719 root - WARNING - Could not generate P-R curve for OneR Classifier: 'OneRClassifier' object has no attribute 'predict_proba'
[ 2025-12-25 18:57:28,902 ] 719 root - WARNING - Could not generate P-R curve for OneR Classifier: 'OneRClassifier' object has no attribute 'predict_proba'
