[ 2025-12-14 14:08:06,682 ] 14 visions.backends - INFO - Pandas backend loaded 2.3.3
[ 2025-12-14 14:08:06,768 ] 25 visions.backends - INFO - Numpy backend loaded 2.3.5
[ 2025-12-14 14:08:06,771 ] 37 visions.backends - INFO - Pyspark backend NOT loaded
[ 2025-12-14 14:08:06,771 ] 43 visions.backends - INFO - Python backend loaded
[ 2025-12-14 14:13:27,373 ] 27 root - INFO - Entered the data ingestion method or component
[ 2025-12-14 14:13:27,373 ] 29 root - INFO - Read the Dataset as dataframe
[ 2025-12-14 14:13:27,383 ] 35 root - INFO - Train test split initiated
[ 2025-12-14 14:13:27,405 ] 41 root - INFO - Ingestion of the data is completed
[ 2025-12-14 14:14:21,154 ] 104 root - INFO - Train data shape: (316, 33)
[ 2025-12-14 14:14:21,156 ] 105 root - INFO - Train data columns: ['school', 'sex', 'age', 'address', 'famsize', 'Pstatus', 'Medu', 'Fedu', 'Mjob', 'Fjob', 'reason', 'guardian', 'traveltime', 'studytime', 'failures', 'schoolsup', 'famsup', 'paid', 'activities', 'nursery', 'higher', 'internet', 'romantic', 'famrel', 'freetime', 'goout', 'Dalc', 'Walc', 'health', 'absences', 'G1', 'G2', 'G3']
[ 2025-12-14 14:14:21,174 ] 111 root - INFO - Test data shape: (79, 33)
[ 2025-12-14 14:14:21,175 ] 112 root - INFO - Test data columns: ['school', 'sex', 'age', 'address', 'famsize', 'Pstatus', 'Medu', 'Fedu', 'Mjob', 'Fjob', 'reason', 'guardian', 'traveltime', 'studytime', 'failures', 'schoolsup', 'famsup', 'paid', 'activities', 'nursery', 'higher', 'internet', 'romantic', 'famrel', 'freetime', 'goout', 'Dalc', 'Walc', 'health', 'absences', 'G1', 'G2', 'G3']
[ 2025-12-14 14:14:21,175 ] 114 root - INFO - Read train and test data completed
[ 2025-12-14 14:14:21,177 ] 126 root - INFO - Obtaining preprocessing object
[ 2025-12-14 14:14:21,178 ] 81 root - INFO - Categorical columns: ['school', 'sex', 'address', 'famsize', 'Pstatus', 'Mjob', 'Fjob', 'reason', 'guardian', 'schoolsup', 'famsup', 'paid', 'activities', 'nursery', 'higher', 'internet', 'romantic']
[ 2025-12-14 14:14:21,178 ] 82 root - INFO - Numerical columns: ['age', 'Medu', 'Fedu', 'traveltime', 'studytime', 'failures', 'famrel', 'freetime', 'goout', 'Dalc', 'Walc', 'health', 'absences', 'G1', 'G2']
[ 2025-12-14 14:14:21,184 ] 139 root - INFO - Applying preprocessing object on training and testing dataframes.
[ 2025-12-14 14:14:21,281 ] 166 root - INFO - Saved preprocessing object.
[ 2025-12-14 14:14:36,111 ] 38 root - INFO - Split training and test input data
[ 2025-12-14 14:15:13,465 ] 76 root - INFO - GridSearchCV - Best model params for Random Forest: {'n_estimators': 64}
[ 2025-12-14 14:15:13,592 ] 120 root - INFO - Random Forest - Accuracy: 0.3291, Precision: 0.3548, Recall: 0.3291, F1: 0.3098, Time: 37.35s
[ 2025-12-14 14:15:13,790 ] 76 root - INFO - GridSearchCV - Best model params for Decision Tree: {'criterion': 'gini'}
[ 2025-12-14 14:15:13,974 ] 120 root - INFO - Decision Tree - Accuracy: 0.2658, Precision: 0.2943, Recall: 0.2658, F1: 0.2656, Time: 0.20s
[ 2025-12-14 14:15:14,576 ] 120 root - INFO - Logistic Regression - Accuracy: 0.2278, Precision: 0.2556, Recall: 0.2278, F1: 0.2113, Time: 0.55s
[ 2025-12-14 14:15:42,963 ] 76 root - INFO - GridSearchCV - Best model params for AdaBoost Classifier: {'learning_rate': 0.5, 'n_estimators': 256}
[ 2025-12-14 14:15:43,329 ] 120 root - INFO - AdaBoost Classifier - Accuracy: 0.2785, Precision: 0.1234, Recall: 0.2785, F1: 0.1654, Time: 28.39s
[ 2025-12-14 14:15:46,053 ] 76 root - INFO - GridSearchCV - Best model params for K-Nearest Neighbors: {'metric': 'manhattan', 'n_neighbors': 13}
[ 2025-12-14 14:15:52,573 ] 120 root - INFO - K-Nearest Neighbors - Accuracy: 0.1013, Precision: 0.0684, Recall: 0.1013, F1: 0.0702, Time: 2.72s
[ 2025-12-14 14:15:52,630 ] 120 root - INFO - Naive Bayes - Accuracy: 0.1139, Precision: 0.0534, Recall: 0.1139, F1: 0.0658, Time: 0.01s
[ 2025-12-14 14:15:57,556 ] 76 root - INFO - GridSearchCV - Best model params for Support Vector Machine: {'C': 0.1, 'kernel': 'linear'}
[ 2025-12-14 14:15:57,615 ] 120 root - INFO - Support Vector Machine - Accuracy: 0.1646, Precision: 0.1630, Recall: 0.1646, F1: 0.1546, Time: 4.93s
[ 2025-12-14 14:15:57,616 ] 124 root - ERROR - Error in evaluate_models: Cannot cast array data from dtype('float64') to dtype('int64') according to the rule 'safe'
[ 2025-12-14 14:15:57,618 ] 98 root - ERROR - Exception occurred in model training: Error occured in python script name [F:\ML\Project\AutoML_Project\src\utils\__init__.py] line number [79] error message[Cannot cast array data from dtype('float64') to dtype('int64') according to the rule 'safe']
[ 2025-12-14 14:15:57,624 ] 483 root - ERROR - Training Error: Error occured in python script name [F:\ML\Project\AutoML_Project\src\components\model_trainer.py] line number [83] error message[Error occured in python script name [F:\ML\Project\AutoML_Project\src\utils\__init__.py] line number [79] error message[Cannot cast array data from dtype('float64') to dtype('int64') according to the rule 'safe']]
[ 2025-12-14 14:22:01,145 ] 38 root - INFO - Split training and test input data
[ 2025-12-14 14:22:55,639 ] 76 root - INFO - GridSearchCV - Best model params for Random Forest: {'n_estimators': 128}
[ 2025-12-14 14:22:55,939 ] 120 root - INFO - Random Forest - Accuracy: 0.3544, Precision: 0.3253, Recall: 0.3544, F1: 0.2989, Time: 54.49s
[ 2025-12-14 14:22:56,232 ] 76 root - INFO - GridSearchCV - Best model params for Decision Tree: {'criterion': 'gini'}
[ 2025-12-14 14:22:56,441 ] 120 root - INFO - Decision Tree - Accuracy: 0.2911, Precision: 0.2871, Recall: 0.2911, F1: 0.2814, Time: 0.29s
[ 2025-12-14 14:22:57,569 ] 120 root - INFO - Logistic Regression - Accuracy: 0.2278, Precision: 0.2556, Recall: 0.2278, F1: 0.2113, Time: 1.04s
[ 2025-12-14 14:23:17,982 ] 76 root - INFO - GridSearchCV - Best model params for AdaBoost Classifier: {'learning_rate': 0.5, 'n_estimators': 256}
[ 2025-12-14 14:23:18,579 ] 120 root - INFO - AdaBoost Classifier - Accuracy: 0.2785, Precision: 0.1234, Recall: 0.2785, F1: 0.1654, Time: 20.41s
[ 2025-12-14 14:23:22,014 ] 76 root - INFO - GridSearchCV - Best model params for K-Nearest Neighbors: {'metric': 'manhattan', 'n_neighbors': 13}
[ 2025-12-14 14:23:22,165 ] 120 root - INFO - K-Nearest Neighbors - Accuracy: 0.1013, Precision: 0.0684, Recall: 0.1013, F1: 0.0702, Time: 3.43s
[ 2025-12-14 14:23:22,238 ] 120 root - INFO - Naive Bayes - Accuracy: 0.1139, Precision: 0.0534, Recall: 0.1139, F1: 0.0658, Time: 0.02s
[ 2025-12-14 14:23:27,359 ] 76 root - INFO - GridSearchCV - Best model params for Support Vector Machine: {'C': 0.1, 'kernel': 'linear'}
[ 2025-12-14 14:23:27,438 ] 120 root - INFO - Support Vector Machine - Accuracy: 0.1646, Precision: 0.1630, Recall: 0.1646, F1: 0.1546, Time: 5.12s
[ 2025-12-14 14:23:27,440 ] 124 root - ERROR - Error in evaluate_models: boolean index did not match indexed array along axis 0; size of axis is 20 but size of corresponding boolean axis is 18
[ 2025-12-14 14:23:27,441 ] 102 root - ERROR - Exception occurred in model training: Error occured in python script name [F:\ML\Project\AutoML_Project\src\utils\__init__.py] line number [79] error message[boolean index did not match indexed array along axis 0; size of axis is 20 but size of corresponding boolean axis is 18]
[ 2025-12-14 14:23:27,449 ] 483 root - ERROR - Training Error: Error occured in python script name [F:\ML\Project\AutoML_Project\src\components\model_trainer.py] line number [87] error message[Error occured in python script name [F:\ML\Project\AutoML_Project\src\utils\__init__.py] line number [79] error message[boolean index did not match indexed array along axis 0; size of axis is 20 but size of corresponding boolean axis is 18]]
