[ 2025-12-25 15:47:17,664 ] 36 root - INFO - FeatureTypeInference initialized with 32561 rows, 15 columns
[ 2025-12-25 15:47:18,084 ] 53 root - INFO - Feature type inference complete. Classified 14 features
[ 2025-12-25 15:47:18,086 ] 49 root - INFO - IssueDetector initialized for dataset with 32561 rows, 15 columns
[ 2025-12-25 15:47:18,086 ] 36 root - INFO - FeatureTypeInference initialized with 32561 rows, 15 columns
[ 2025-12-25 15:47:18,569 ] 53 root - INFO - Feature type inference complete. Classified 14 features
[ 2025-12-25 15:47:18,569 ] 54 root - INFO - Feature types inferred: 14 features classified
[ 2025-12-25 15:47:18,570 ] 34 root - INFO - OutlierDetector initialized with 32561 rows
[ 2025-12-25 15:47:18,571 ] 186 root - INFO - ConstantFeatureDetector initialized (threshold=0.99)
[ 2025-12-25 15:47:18,571 ] 69 root - INFO - Starting comprehensive issue detection...
[ 2025-12-25 15:47:18,571 ] 83 root - INFO - Detecting missing values...
[ 2025-12-25 15:47:18,608 ] 140 root - INFO - Found missing values in 3 columns (global: 0.87%)
[ 2025-12-25 15:47:18,609 ] 147 root - INFO - Detecting outliers (continuous_numeric features only)...
[ 2025-12-25 15:47:18,616 ] 136 root - INFO - Outlier detection for 'Age': 143 outliers (0.44%), severity=low
[ 2025-12-25 15:47:18,624 ] 136 root - INFO - Outlier detection for 'fnlwgt': 992 outliers (3.05%), severity=medium
[ 2025-12-25 15:47:18,641 ] 136 root - INFO - Outlier detection for 'Hours_per_week': 9008 outliers (27.66%), severity=high
[ 2025-12-25 15:47:18,642 ] 161 root - INFO - Detected outliers in 3 columns
[ 2025-12-25 15:47:18,642 ] 194 root - INFO - Detected outliers in 3 columns
[ 2025-12-25 15:47:18,642 ] 299 root - INFO - Detecting constant/near-constant features...
[ 2025-12-25 15:47:18,749 ] 266 root - INFO - Detected 0 constant/near-constant features
[ 2025-12-25 15:47:18,749 ] 338 root - INFO - No constant/near-constant features detected
[ 2025-12-25 15:47:18,749 ] 203 root - INFO - Checking for class imbalance...
[ 2025-12-25 15:47:18,760 ] 244 root - INFO - Detected class imbalance (ratio: 3.15:1, severity: medium)
[ 2025-12-25 15:47:18,761 ] 251 root - INFO - Detecting high cardinality features...
[ 2025-12-25 15:47:18,761 ] 294 root - INFO - No high cardinality features detected
[ 2025-12-25 15:47:18,761 ] 77 root - INFO - Issue detection complete. Found 7 issues
[ 2025-12-25 15:47:28,316 ] 36 root - INFO - FeatureTypeInference initialized with 32561 rows, 15 columns
[ 2025-12-25 15:47:28,746 ] 53 root - INFO - Feature type inference complete. Classified 14 features
[ 2025-12-25 15:47:28,747 ] 49 root - INFO - IssueDetector initialized for dataset with 32561 rows, 15 columns
[ 2025-12-25 15:47:28,747 ] 36 root - INFO - FeatureTypeInference initialized with 32561 rows, 15 columns
[ 2025-12-25 15:47:29,347 ] 53 root - INFO - Feature type inference complete. Classified 14 features
[ 2025-12-25 15:47:29,347 ] 54 root - INFO - Feature types inferred: 14 features classified
[ 2025-12-25 15:47:29,348 ] 34 root - INFO - OutlierDetector initialized with 32561 rows
[ 2025-12-25 15:47:29,348 ] 186 root - INFO - ConstantFeatureDetector initialized (threshold=0.99)
[ 2025-12-25 15:47:29,348 ] 69 root - INFO - Starting comprehensive issue detection...
[ 2025-12-25 15:47:29,348 ] 83 root - INFO - Detecting missing values...
[ 2025-12-25 15:47:29,439 ] 140 root - INFO - Found missing values in 3 columns (global: 0.87%)
[ 2025-12-25 15:47:29,440 ] 147 root - INFO - Detecting outliers (continuous_numeric features only)...
[ 2025-12-25 15:47:29,473 ] 136 root - INFO - Outlier detection for 'Age': 143 outliers (0.44%), severity=low
[ 2025-12-25 15:47:29,491 ] 136 root - INFO - Outlier detection for 'fnlwgt': 992 outliers (3.05%), severity=medium
[ 2025-12-25 15:47:29,510 ] 136 root - INFO - Outlier detection for 'Hours_per_week': 9008 outliers (27.66%), severity=high
[ 2025-12-25 15:47:29,510 ] 161 root - INFO - Detected outliers in 3 columns
[ 2025-12-25 15:47:29,510 ] 194 root - INFO - Detected outliers in 3 columns
[ 2025-12-25 15:47:29,511 ] 299 root - INFO - Detecting constant/near-constant features...
[ 2025-12-25 15:47:29,607 ] 266 root - INFO - Detected 0 constant/near-constant features
[ 2025-12-25 15:47:29,608 ] 338 root - INFO - No constant/near-constant features detected
[ 2025-12-25 15:47:29,608 ] 203 root - INFO - Checking for class imbalance...
[ 2025-12-25 15:47:29,619 ] 244 root - INFO - Detected class imbalance (ratio: 3.15:1, severity: medium)
[ 2025-12-25 15:47:29,620 ] 251 root - INFO - Detecting high cardinality features...
[ 2025-12-25 15:47:29,620 ] 294 root - INFO - No high cardinality features detected
[ 2025-12-25 15:47:29,620 ] 77 root - INFO - Issue detection complete. Found 7 issues
[ 2025-12-25 15:47:31,468 ] 36 root - INFO - FeatureTypeInference initialized with 32561 rows, 15 columns
[ 2025-12-25 15:47:31,914 ] 53 root - INFO - Feature type inference complete. Classified 14 features
[ 2025-12-25 15:47:31,915 ] 49 root - INFO - IssueDetector initialized for dataset with 32561 rows, 15 columns
[ 2025-12-25 15:47:31,915 ] 36 root - INFO - FeatureTypeInference initialized with 32561 rows, 15 columns
[ 2025-12-25 15:47:32,312 ] 53 root - INFO - Feature type inference complete. Classified 14 features
[ 2025-12-25 15:47:32,313 ] 54 root - INFO - Feature types inferred: 14 features classified
[ 2025-12-25 15:47:32,313 ] 34 root - INFO - OutlierDetector initialized with 32561 rows
[ 2025-12-25 15:47:32,313 ] 186 root - INFO - ConstantFeatureDetector initialized (threshold=0.99)
[ 2025-12-25 15:47:32,313 ] 69 root - INFO - Starting comprehensive issue detection...
[ 2025-12-25 15:47:32,313 ] 83 root - INFO - Detecting missing values...
[ 2025-12-25 15:47:32,372 ] 140 root - INFO - Found missing values in 3 columns (global: 0.87%)
[ 2025-12-25 15:47:32,373 ] 147 root - INFO - Detecting outliers (continuous_numeric features only)...
[ 2025-12-25 15:47:32,381 ] 136 root - INFO - Outlier detection for 'Age': 143 outliers (0.44%), severity=low
[ 2025-12-25 15:47:32,390 ] 136 root - INFO - Outlier detection for 'fnlwgt': 992 outliers (3.05%), severity=medium
[ 2025-12-25 15:47:32,407 ] 136 root - INFO - Outlier detection for 'Hours_per_week': 9008 outliers (27.66%), severity=high
[ 2025-12-25 15:47:32,407 ] 161 root - INFO - Detected outliers in 3 columns
[ 2025-12-25 15:47:32,407 ] 194 root - INFO - Detected outliers in 3 columns
[ 2025-12-25 15:47:32,408 ] 299 root - INFO - Detecting constant/near-constant features...
[ 2025-12-25 15:47:32,509 ] 266 root - INFO - Detected 0 constant/near-constant features
[ 2025-12-25 15:47:32,510 ] 338 root - INFO - No constant/near-constant features detected
[ 2025-12-25 15:47:32,510 ] 203 root - INFO - Checking for class imbalance...
[ 2025-12-25 15:47:32,520 ] 244 root - INFO - Detected class imbalance (ratio: 3.15:1, severity: medium)
[ 2025-12-25 15:47:32,521 ] 251 root - INFO - Detecting high cardinality features...
[ 2025-12-25 15:47:32,521 ] 294 root - INFO - No high cardinality features detected
[ 2025-12-25 15:47:32,521 ] 77 root - INFO - Issue detection complete. Found 7 issues
[ 2025-12-25 15:47:34,836 ] 36 root - INFO - FeatureTypeInference initialized with 32561 rows, 15 columns
[ 2025-12-25 15:47:35,241 ] 53 root - INFO - Feature type inference complete. Classified 14 features
[ 2025-12-25 15:47:35,242 ] 49 root - INFO - IssueDetector initialized for dataset with 32561 rows, 15 columns
[ 2025-12-25 15:47:35,242 ] 36 root - INFO - FeatureTypeInference initialized with 32561 rows, 15 columns
[ 2025-12-25 15:47:35,666 ] 53 root - INFO - Feature type inference complete. Classified 14 features
[ 2025-12-25 15:47:35,667 ] 54 root - INFO - Feature types inferred: 14 features classified
[ 2025-12-25 15:47:35,667 ] 34 root - INFO - OutlierDetector initialized with 32561 rows
[ 2025-12-25 15:47:35,667 ] 186 root - INFO - ConstantFeatureDetector initialized (threshold=0.99)
[ 2025-12-25 15:47:35,667 ] 69 root - INFO - Starting comprehensive issue detection...
[ 2025-12-25 15:47:35,667 ] 83 root - INFO - Detecting missing values...
[ 2025-12-25 15:47:35,716 ] 140 root - INFO - Found missing values in 3 columns (global: 0.87%)
[ 2025-12-25 15:47:35,717 ] 147 root - INFO - Detecting outliers (continuous_numeric features only)...
[ 2025-12-25 15:47:35,725 ] 136 root - INFO - Outlier detection for 'Age': 143 outliers (0.44%), severity=low
[ 2025-12-25 15:47:35,733 ] 136 root - INFO - Outlier detection for 'fnlwgt': 992 outliers (3.05%), severity=medium
[ 2025-12-25 15:47:35,750 ] 136 root - INFO - Outlier detection for 'Hours_per_week': 9008 outliers (27.66%), severity=high
[ 2025-12-25 15:47:35,751 ] 161 root - INFO - Detected outliers in 3 columns
[ 2025-12-25 15:47:35,751 ] 194 root - INFO - Detected outliers in 3 columns
[ 2025-12-25 15:47:35,752 ] 299 root - INFO - Detecting constant/near-constant features...
[ 2025-12-25 15:47:35,856 ] 266 root - INFO - Detected 0 constant/near-constant features
[ 2025-12-25 15:47:35,856 ] 338 root - INFO - No constant/near-constant features detected
[ 2025-12-25 15:47:35,857 ] 203 root - INFO - Checking for class imbalance...
[ 2025-12-25 15:47:35,863 ] 244 root - INFO - Detected class imbalance (ratio: 3.15:1, severity: medium)
[ 2025-12-25 15:47:35,863 ] 251 root - INFO - Detecting high cardinality features...
[ 2025-12-25 15:47:35,864 ] 294 root - INFO - No high cardinality features detected
[ 2025-12-25 15:47:35,864 ] 77 root - INFO - Issue detection complete. Found 7 issues
[ 2025-12-25 15:47:38,769 ] 28 root - INFO - Entered the data ingestion component
[ 2025-12-25 15:47:39,277 ] 34 root - INFO - Saved raw dataset to artifacts
[ 2025-12-25 15:47:39,835 ] 40 root - INFO - Saved train/test splits to artifacts
[ 2025-12-25 15:48:14,206 ] 46 root - INFO - Generated EDA report
[ 2025-12-25 15:48:14,675 ] 36 root - INFO - FeatureTypeInference initialized with 32561 rows, 15 columns
[ 2025-12-25 15:48:15,149 ] 53 root - INFO - Feature type inference complete. Classified 14 features
[ 2025-12-25 15:48:15,149 ] 216 root - INFO - Column groups \u2192 numeric:['Age', 'fnlwgt', 'Education_Num', 'Capital_Gain', 'Capital_Loss', 'Hours_per_week'], categorical:['Workclass', 'Education', 'Martial_Status', 'Occupation', 'Relationship', 'Race', 'Sex', 'Country'], datetime(dropped):[], id_like(dropped):[]
[ 2025-12-25 15:48:15,225 ] 42 root - INFO - PreprocessingApplicator initialized with 32561 rows, 15 columns
[ 2025-12-25 15:48:15,226 ] 55 root - INFO - Applying missing value imputation...
[ 2025-12-25 15:48:15,247 ] 151 root - INFO - Imputed 1836 missing values in 'Workclass' with mode=Private
[ 2025-12-25 15:48:15,265 ] 151 root - INFO - Imputed 1843 missing values in 'Occupation' with mode=Prof-specialty
[ 2025-12-25 15:48:15,284 ] 151 root - INFO - Imputed 583 missing values in 'Country' with mode=United-States
[ 2025-12-25 15:48:15,284 ] 190 root - INFO - Applying outlier handling...
[ 2025-12-25 15:48:15,285 ] 346 root - INFO - Applying class imbalance handling: class_weights...
[ 2025-12-25 15:48:15,295 ] 362 root - INFO - Class weights will be applied during model training: {'<=50K': 24720, '>50K': 7841}
[ 2025-12-25 15:48:15,434 ] 75 root - INFO - Categorical columns: ['Workclass', 'Education', 'Martial_Status', 'Occupation', 'Relationship', 'Race', 'Sex', 'Country']
[ 2025-12-25 15:48:15,434 ] 76 root - INFO - Numerical columns: ['Age', 'fnlwgt', 'Education_Num', 'Capital_Gain', 'Capital_Loss', 'Hours_per_week']
[ 2025-12-25 15:48:15,466 ] 143 root - INFO - Target column is categorical with values: ['>50K' '<=50K']
[ 2025-12-25 15:48:15,467 ] 144 root - INFO - Encoding categorical target using LabelEncoder
[ 2025-12-25 15:48:15,484 ] 149 root - INFO - Target encoded: {'<=50K': np.int64(0), '>50K': np.int64(1)}
[ 2025-12-25 15:48:15,491 ] 294 root - INFO - Target encoder saved to artifacts\target_encoder.pkl
[ 2025-12-25 15:48:25,412 ] 37 root - INFO - Split training and test input data
[ 2025-12-25 15:48:40,779 ] 91 root - INFO - Search params for Random Forest: {'n_estimators': 32, 'max_depth': 5}
[ 2025-12-25 15:48:40,921 ] 127 root - INFO - Random Forest - Acc: 0.7462, Prec: 0.4851, Rec: 0.8827, F1: 0.6261, Time: 15.36s
[ 2025-12-25 15:48:50,553 ] 91 root - INFO - Search params for Decision Tree: {'max_depth': 5, 'criterion': 'gini'}
[ 2025-12-25 15:48:50,614 ] 127 root - INFO - Decision Tree - Acc: 0.7815, Prec: 0.5279, Rec: 0.8756, F1: 0.6587, Time: 9.63s
[ 2025-12-25 15:48:59,038 ] 91 root - INFO - Search params for Logistic Regression: {'solver': 'lbfgs', 'penalty': 'l2', 'C': 1.0}
[ 2025-12-25 15:48:59,095 ] 127 root - INFO - Logistic Regression - Acc: 0.8070, Prec: 0.5659, Rec: 0.8514, F1: 0.6799, Time: 8.42s
[ 2025-12-25 15:49:13,992 ] 91 root - INFO - Search params for AdaBoost Classifier: {'n_estimators': 32, 'learning_rate': 1.0}
[ 2025-12-25 15:49:14,486 ] 127 root - INFO - AdaBoost Classifier - Acc: 0.8531, Prec: 0.7863, Rec: 0.5351, F1: 0.6368, Time: 14.90s
[ 2025-12-25 15:49:26,065 ] 91 root - INFO - Search params for K-Nearest Neighbors: {'n_neighbors': 5, 'metric': 'euclidean'}
[ 2025-12-25 15:49:34,960 ] 127 root - INFO - K-Nearest Neighbors - Acc: 0.8277, Prec: 0.6604, Rec: 0.5855, F1: 0.6207, Time: 11.58s
[ 2025-12-25 15:49:35,310 ] 127 root - INFO - Naive Bayes - Acc: 0.4377, Prec: 0.2964, Rec: 0.9719, F1: 0.4542, Time: 0.18s
