[ 2025-12-14 14:28:17,388 ] 14 visions.backends - INFO - Pandas backend loaded 2.3.3
[ 2025-12-14 14:28:17,421 ] 25 visions.backends - INFO - Numpy backend loaded 2.3.5
[ 2025-12-14 14:28:17,422 ] 37 visions.backends - INFO - Pyspark backend NOT loaded
[ 2025-12-14 14:28:17,423 ] 43 visions.backends - INFO - Python backend loaded
[ 2025-12-14 14:32:18,513 ] 27 root - INFO - Entered the data ingestion method or component
[ 2025-12-14 14:32:18,514 ] 29 root - INFO - Read the Dataset as dataframe
[ 2025-12-14 14:32:18,525 ] 35 root - INFO - Train test split initiated
[ 2025-12-14 14:32:18,543 ] 41 root - INFO - Ingestion of the data is completed
[ 2025-12-14 14:33:17,286 ] 104 root - INFO - Train data shape: (316, 33)
[ 2025-12-14 14:33:17,317 ] 105 root - INFO - Train data columns: ['school', 'sex', 'age', 'address', 'famsize', 'Pstatus', 'Medu', 'Fedu', 'Mjob', 'Fjob', 'reason', 'guardian', 'traveltime', 'studytime', 'failures', 'schoolsup', 'famsup', 'paid', 'activities', 'nursery', 'higher', 'internet', 'romantic', 'famrel', 'freetime', 'goout', 'Dalc', 'Walc', 'health', 'absences', 'G1', 'G2', 'G3']
[ 2025-12-14 14:33:17,329 ] 111 root - INFO - Test data shape: (79, 33)
[ 2025-12-14 14:33:17,331 ] 112 root - INFO - Test data columns: ['school', 'sex', 'age', 'address', 'famsize', 'Pstatus', 'Medu', 'Fedu', 'Mjob', 'Fjob', 'reason', 'guardian', 'traveltime', 'studytime', 'failures', 'schoolsup', 'famsup', 'paid', 'activities', 'nursery', 'higher', 'internet', 'romantic', 'famrel', 'freetime', 'goout', 'Dalc', 'Walc', 'health', 'absences', 'G1', 'G2', 'G3']
[ 2025-12-14 14:33:17,332 ] 114 root - INFO - Read train and test data completed
[ 2025-12-14 14:33:17,334 ] 126 root - INFO - Obtaining preprocessing object
[ 2025-12-14 14:33:17,334 ] 81 root - INFO - Categorical columns: ['school', 'sex', 'address', 'famsize', 'Pstatus', 'Mjob', 'Fjob', 'reason', 'guardian', 'schoolsup', 'famsup', 'paid', 'activities', 'nursery', 'higher', 'internet', 'romantic']
[ 2025-12-14 14:33:17,335 ] 82 root - INFO - Numerical columns: ['age', 'Medu', 'Fedu', 'traveltime', 'studytime', 'failures', 'famrel', 'freetime', 'goout', 'Dalc', 'Walc', 'health', 'absences', 'G1', 'G2']
[ 2025-12-14 14:33:17,339 ] 139 root - INFO - Applying preprocessing object on training and testing dataframes.
[ 2025-12-14 14:33:17,436 ] 166 root - INFO - Saved preprocessing object.
[ 2025-12-14 14:33:30,572 ] 38 root - INFO - Split training and test input data
[ 2025-12-14 14:34:08,095 ] 76 root - INFO - GridSearchCV - Best model params for Random Forest: {'n_estimators': 64}
[ 2025-12-14 14:34:08,214 ] 120 root - INFO - Random Forest - Accuracy: 0.3038, Precision: 0.3078, Recall: 0.3038, F1: 0.2730, Time: 37.52s
[ 2025-12-14 14:34:08,410 ] 76 root - INFO - GridSearchCV - Best model params for Decision Tree: {'criterion': 'entropy'}
[ 2025-12-14 14:34:08,531 ] 120 root - INFO - Decision Tree - Accuracy: 0.3924, Precision: 0.4307, Recall: 0.3924, F1: 0.3811, Time: 0.20s
[ 2025-12-14 14:34:09,137 ] 120 root - INFO - Logistic Regression - Accuracy: 0.2278, Precision: 0.2556, Recall: 0.2278, F1: 0.2113, Time: 0.56s
[ 2025-12-14 14:34:44,154 ] 76 root - INFO - GridSearchCV - Best model params for AdaBoost Classifier: {'learning_rate': 0.5, 'n_estimators': 256}
[ 2025-12-14 14:34:44,523 ] 120 root - INFO - AdaBoost Classifier - Accuracy: 0.2785, Precision: 0.1234, Recall: 0.2785, F1: 0.1654, Time: 35.02s
[ 2025-12-14 14:34:47,623 ] 76 root - INFO - GridSearchCV - Best model params for K-Nearest Neighbors: {'metric': 'manhattan', 'n_neighbors': 13}
[ 2025-12-14 14:34:51,269 ] 120 root - INFO - K-Nearest Neighbors - Accuracy: 0.1013, Precision: 0.0684, Recall: 0.1013, F1: 0.0702, Time: 3.10s
[ 2025-12-14 14:34:51,316 ] 120 root - INFO - Naive Bayes - Accuracy: 0.1139, Precision: 0.0534, Recall: 0.1139, F1: 0.0658, Time: 0.01s
[ 2025-12-14 14:34:56,813 ] 76 root - INFO - GridSearchCV - Best model params for Support Vector Machine: {'C': 0.1, 'kernel': 'linear'}
[ 2025-12-14 14:34:56,865 ] 120 root - INFO - Support Vector Machine - Accuracy: 0.1646, Precision: 0.1630, Recall: 0.1646, F1: 0.1546, Time: 5.50s
[ 2025-12-14 14:34:56,867 ] 124 root - ERROR - Error in evaluate_models: boolean index did not match indexed array along axis 0; size of axis is 20 but size of corresponding boolean axis is 18
[ 2025-12-14 14:34:56,897 ] 102 root - ERROR - Exception occurred in model training: Error occured in python script name [F:\ML\Project\AutoML_Project\src\utils\__init__.py] line number [79] error message[boolean index did not match indexed array along axis 0; size of axis is 20 but size of corresponding boolean axis is 18]
[ 2025-12-14 14:34:56,902 ] 483 root - ERROR - Training Error: Error occured in python script name [F:\ML\Project\AutoML_Project\src\components\model_trainer.py] line number [87] error message[Error occured in python script name [F:\ML\Project\AutoML_Project\src\utils\__init__.py] line number [79] error message[boolean index did not match indexed array along axis 0; size of axis is 20 but size of corresponding boolean axis is 18]]
