[ 2025-12-25 21:48:36,674 ] 36 root - INFO - FeatureTypeInference initialized with 10000 rows, 14 columns
[ 2025-12-25 21:48:36,725 ] 53 root - INFO - Feature type inference complete. Classified 13 features
[ 2025-12-25 21:48:36,725 ] 49 root - INFO - IssueDetector initialized for dataset with 10000 rows, 14 columns
[ 2025-12-25 21:48:36,725 ] 36 root - INFO - FeatureTypeInference initialized with 10000 rows, 14 columns
[ 2025-12-25 21:48:36,762 ] 53 root - INFO - Feature type inference complete. Classified 13 features
[ 2025-12-25 21:48:36,762 ] 54 root - INFO - Feature types inferred: 13 features classified
[ 2025-12-25 21:48:36,762 ] 34 root - INFO - OutlierDetector initialized with 10000 rows
[ 2025-12-25 21:48:36,763 ] 186 root - INFO - ConstantFeatureDetector initialized (threshold=0.99)
[ 2025-12-25 21:48:36,763 ] 69 root - INFO - Starting comprehensive issue detection...
[ 2025-12-25 21:48:36,763 ] 83 root - INFO - Detecting missing values...
[ 2025-12-25 21:48:36,766 ] 142 root - INFO - No missing values detected
[ 2025-12-25 21:48:36,766 ] 147 root - INFO - Detecting outliers (continuous_numeric features only)...
[ 2025-12-25 21:48:36,770 ] 136 root - INFO - Outlier detection for 'CreditScore': 15 outliers (0.15%), severity=low
[ 2025-12-25 21:48:36,774 ] 136 root - INFO - Outlier detection for 'Age': 359 outliers (3.59%), severity=medium
[ 2025-12-25 21:48:36,778 ] 136 root - INFO - Outlier detection for 'Balance': 0 outliers (0.00%), severity=low
[ 2025-12-25 21:48:36,782 ] 136 root - INFO - Outlier detection for 'EstimatedSalary': 0 outliers (0.00%), severity=low
[ 2025-12-25 21:48:36,782 ] 161 root - INFO - Detected outliers in 2 columns
[ 2025-12-25 21:48:36,782 ] 194 root - INFO - Detected outliers in 2 columns
[ 2025-12-25 21:48:36,782 ] 299 root - INFO - Detecting constant/near-constant features...
[ 2025-12-25 21:48:36,804 ] 266 root - INFO - Detected 0 constant/near-constant features
[ 2025-12-25 21:48:36,804 ] 338 root - INFO - No constant/near-constant features detected
[ 2025-12-25 21:48:36,804 ] 203 root - INFO - Checking for class imbalance...
[ 2025-12-25 21:48:36,806 ] 244 root - INFO - Detected class imbalance (ratio: 3.91:1, severity: medium)
[ 2025-12-25 21:48:36,806 ] 251 root - INFO - Detecting high cardinality features...
[ 2025-12-25 21:48:36,806 ] 292 root - INFO - Detected high cardinality in 1 features
[ 2025-12-25 21:48:36,806 ] 77 root - INFO - Issue detection complete. Found 4 issues
[ 2025-12-25 21:48:40,566 ] 36 root - INFO - FeatureTypeInference initialized with 10000 rows, 14 columns
[ 2025-12-25 21:48:40,619 ] 53 root - INFO - Feature type inference complete. Classified 13 features
[ 2025-12-25 21:48:40,620 ] 49 root - INFO - IssueDetector initialized for dataset with 10000 rows, 14 columns
[ 2025-12-25 21:48:40,621 ] 36 root - INFO - FeatureTypeInference initialized with 10000 rows, 14 columns
[ 2025-12-25 21:48:40,673 ] 53 root - INFO - Feature type inference complete. Classified 13 features
[ 2025-12-25 21:48:40,673 ] 54 root - INFO - Feature types inferred: 13 features classified
[ 2025-12-25 21:48:40,673 ] 34 root - INFO - OutlierDetector initialized with 10000 rows
[ 2025-12-25 21:48:40,673 ] 186 root - INFO - ConstantFeatureDetector initialized (threshold=0.99)
[ 2025-12-25 21:48:40,674 ] 69 root - INFO - Starting comprehensive issue detection...
[ 2025-12-25 21:48:40,674 ] 83 root - INFO - Detecting missing values...
[ 2025-12-25 21:48:40,677 ] 142 root - INFO - No missing values detected
[ 2025-12-25 21:48:40,678 ] 147 root - INFO - Detecting outliers (continuous_numeric features only)...
[ 2025-12-25 21:48:40,683 ] 136 root - INFO - Outlier detection for 'CreditScore': 15 outliers (0.15%), severity=low
[ 2025-12-25 21:48:40,689 ] 136 root - INFO - Outlier detection for 'Age': 359 outliers (3.59%), severity=medium
[ 2025-12-25 21:48:40,694 ] 136 root - INFO - Outlier detection for 'Balance': 0 outliers (0.00%), severity=low
[ 2025-12-25 21:48:40,698 ] 136 root - INFO - Outlier detection for 'EstimatedSalary': 0 outliers (0.00%), severity=low
[ 2025-12-25 21:48:40,699 ] 161 root - INFO - Detected outliers in 2 columns
[ 2025-12-25 21:48:40,699 ] 194 root - INFO - Detected outliers in 2 columns
[ 2025-12-25 21:48:40,699 ] 299 root - INFO - Detecting constant/near-constant features...
[ 2025-12-25 21:48:40,719 ] 266 root - INFO - Detected 0 constant/near-constant features
[ 2025-12-25 21:48:40,719 ] 338 root - INFO - No constant/near-constant features detected
[ 2025-12-25 21:48:40,719 ] 203 root - INFO - Checking for class imbalance...
[ 2025-12-25 21:48:40,721 ] 244 root - INFO - Detected class imbalance (ratio: 3.91:1, severity: medium)
[ 2025-12-25 21:48:40,721 ] 251 root - INFO - Detecting high cardinality features...
[ 2025-12-25 21:48:40,721 ] 292 root - INFO - Detected high cardinality in 1 features
[ 2025-12-25 21:48:40,721 ] 77 root - INFO - Issue detection complete. Found 4 issues
[ 2025-12-25 21:48:42,462 ] 36 root - INFO - FeatureTypeInference initialized with 10000 rows, 14 columns
[ 2025-12-25 21:48:42,511 ] 53 root - INFO - Feature type inference complete. Classified 13 features
[ 2025-12-25 21:48:42,511 ] 49 root - INFO - IssueDetector initialized for dataset with 10000 rows, 14 columns
[ 2025-12-25 21:48:42,511 ] 36 root - INFO - FeatureTypeInference initialized with 10000 rows, 14 columns
[ 2025-12-25 21:48:42,550 ] 53 root - INFO - Feature type inference complete. Classified 13 features
[ 2025-12-25 21:48:42,550 ] 54 root - INFO - Feature types inferred: 13 features classified
[ 2025-12-25 21:48:42,550 ] 34 root - INFO - OutlierDetector initialized with 10000 rows
[ 2025-12-25 21:48:42,551 ] 186 root - INFO - ConstantFeatureDetector initialized (threshold=0.99)
[ 2025-12-25 21:48:42,551 ] 69 root - INFO - Starting comprehensive issue detection...
[ 2025-12-25 21:48:42,551 ] 83 root - INFO - Detecting missing values...
[ 2025-12-25 21:48:42,558 ] 142 root - INFO - No missing values detected
[ 2025-12-25 21:48:42,558 ] 147 root - INFO - Detecting outliers (continuous_numeric features only)...
[ 2025-12-25 21:48:42,563 ] 136 root - INFO - Outlier detection for 'CreditScore': 15 outliers (0.15%), severity=low
[ 2025-12-25 21:48:42,567 ] 136 root - INFO - Outlier detection for 'Age': 359 outliers (3.59%), severity=medium
[ 2025-12-25 21:48:42,572 ] 136 root - INFO - Outlier detection for 'Balance': 0 outliers (0.00%), severity=low
[ 2025-12-25 21:48:42,578 ] 136 root - INFO - Outlier detection for 'EstimatedSalary': 0 outliers (0.00%), severity=low
[ 2025-12-25 21:48:42,578 ] 161 root - INFO - Detected outliers in 2 columns
[ 2025-12-25 21:48:42,578 ] 194 root - INFO - Detected outliers in 2 columns
[ 2025-12-25 21:48:42,578 ] 299 root - INFO - Detecting constant/near-constant features...
[ 2025-12-25 21:48:42,605 ] 266 root - INFO - Detected 0 constant/near-constant features
[ 2025-12-25 21:48:42,605 ] 338 root - INFO - No constant/near-constant features detected
[ 2025-12-25 21:48:42,605 ] 203 root - INFO - Checking for class imbalance...
[ 2025-12-25 21:48:42,607 ] 244 root - INFO - Detected class imbalance (ratio: 3.91:1, severity: medium)
[ 2025-12-25 21:48:42,607 ] 251 root - INFO - Detecting high cardinality features...
[ 2025-12-25 21:48:42,607 ] 292 root - INFO - Detected high cardinality in 1 features
[ 2025-12-25 21:48:42,608 ] 77 root - INFO - Issue detection complete. Found 4 issues
[ 2025-12-25 21:48:44,804 ] 36 root - INFO - FeatureTypeInference initialized with 10000 rows, 14 columns
[ 2025-12-25 21:48:44,862 ] 53 root - INFO - Feature type inference complete. Classified 13 features
[ 2025-12-25 21:48:44,862 ] 49 root - INFO - IssueDetector initialized for dataset with 10000 rows, 14 columns
[ 2025-12-25 21:48:44,862 ] 36 root - INFO - FeatureTypeInference initialized with 10000 rows, 14 columns
[ 2025-12-25 21:48:44,901 ] 53 root - INFO - Feature type inference complete. Classified 13 features
[ 2025-12-25 21:48:44,901 ] 54 root - INFO - Feature types inferred: 13 features classified
[ 2025-12-25 21:48:44,902 ] 34 root - INFO - OutlierDetector initialized with 10000 rows
[ 2025-12-25 21:48:44,902 ] 186 root - INFO - ConstantFeatureDetector initialized (threshold=0.99)
[ 2025-12-25 21:48:44,902 ] 69 root - INFO - Starting comprehensive issue detection...
[ 2025-12-25 21:48:44,902 ] 83 root - INFO - Detecting missing values...
[ 2025-12-25 21:48:44,907 ] 142 root - INFO - No missing values detected
[ 2025-12-25 21:48:44,907 ] 147 root - INFO - Detecting outliers (continuous_numeric features only)...
[ 2025-12-25 21:48:44,911 ] 136 root - INFO - Outlier detection for 'CreditScore': 15 outliers (0.15%), severity=low
[ 2025-12-25 21:48:44,914 ] 136 root - INFO - Outlier detection for 'Age': 359 outliers (3.59%), severity=medium
[ 2025-12-25 21:48:44,919 ] 136 root - INFO - Outlier detection for 'Balance': 0 outliers (0.00%), severity=low
[ 2025-12-25 21:48:44,923 ] 136 root - INFO - Outlier detection for 'EstimatedSalary': 0 outliers (0.00%), severity=low
[ 2025-12-25 21:48:44,924 ] 161 root - INFO - Detected outliers in 2 columns
[ 2025-12-25 21:48:44,924 ] 194 root - INFO - Detected outliers in 2 columns
[ 2025-12-25 21:48:44,924 ] 299 root - INFO - Detecting constant/near-constant features...
[ 2025-12-25 21:48:44,941 ] 266 root - INFO - Detected 0 constant/near-constant features
[ 2025-12-25 21:48:44,941 ] 338 root - INFO - No constant/near-constant features detected
[ 2025-12-25 21:48:44,942 ] 203 root - INFO - Checking for class imbalance...
[ 2025-12-25 21:48:44,942 ] 244 root - INFO - Detected class imbalance (ratio: 3.91:1, severity: medium)
[ 2025-12-25 21:48:44,943 ] 251 root - INFO - Detecting high cardinality features...
[ 2025-12-25 21:48:44,943 ] 292 root - INFO - Detected high cardinality in 1 features
[ 2025-12-25 21:48:44,944 ] 77 root - INFO - Issue detection complete. Found 4 issues
[ 2025-12-25 21:48:46,762 ] 28 root - INFO - Entered the data ingestion component
[ 2025-12-25 21:48:46,863 ] 34 root - INFO - Saved raw dataset to artifacts
[ 2025-12-25 21:48:47,004 ] 40 root - INFO - Saved train/test splits to artifacts
[ 2025-12-25 21:49:26,873 ] 46 root - INFO - Generated EDA report
[ 2025-12-25 21:49:26,974 ] 36 root - INFO - FeatureTypeInference initialized with 10000 rows, 14 columns
[ 2025-12-25 21:49:27,065 ] 53 root - INFO - Feature type inference complete. Classified 13 features
[ 2025-12-25 21:49:27,065 ] 216 root - INFO - Column groups \u2192 numeric:['CreditScore', 'Age', 'Tenure', 'Balance', 'EstimatedSalary'], categorical:['Surname', 'Geography', 'Gender', 'NumOfProducts', 'HasCrCard', 'IsActiveMember'], datetime(dropped):[], id_like(dropped):['RowNumber', 'CustomerId']
[ 2025-12-25 21:49:27,076 ] 42 root - INFO - PreprocessingApplicator initialized with 10000 rows, 12 columns
[ 2025-12-25 21:49:27,077 ] 190 root - INFO - Applying outlier handling...
[ 2025-12-25 21:49:27,078 ] 346 root - INFO - Applying class imbalance handling: class_weights...
[ 2025-12-25 21:49:27,080 ] 363 root - INFO - Class weights will be applied during model training: {0: 7963, 1: 2037}
[ 2025-12-25 21:49:27,106 ] 75 root - INFO - Categorical columns: ['Surname', 'Geography', 'Gender', 'NumOfProducts', 'HasCrCard', 'IsActiveMember']
[ 2025-12-25 21:49:27,106 ] 76 root - INFO - Numerical columns: ['CreditScore', 'Age', 'Tenure', 'Balance', 'EstimatedSalary']
[ 2025-12-25 21:49:43,698 ] 37 root - INFO - Split training and test input data
[ 2025-12-25 21:50:02,596 ] 91 root - INFO - Search params for Random Forest: {'n_estimators': 16, 'max_depth': 5}
[ 2025-12-25 21:50:02,829 ] 127 root - INFO - Random Forest - Acc: 0.5930, Prec: 0.3049, Rec: 0.7813, F1: 0.4386, Time: 18.90s
[ 2025-12-25 21:50:21,289 ] 91 root - INFO - Search params for Decision Tree: {'max_depth': 5, 'criterion': 'gini'}
[ 2025-12-25 21:50:21,441 ] 127 root - INFO - Decision Tree - Acc: 0.7470, Prec: 0.4334, Rec: 0.7912, F1: 0.5600, Time: 18.46s
[ 2025-12-25 21:50:43,367 ] 91 root - INFO - Search params for Logistic Regression: {'solver': 'lbfgs', 'penalty': 'l2', 'C': 1.0}
[ 2025-12-25 21:50:43,512 ] 127 root - INFO - Logistic Regression - Acc: 0.7380, Prec: 0.3868, Rec: 0.4914, F1: 0.4329, Time: 21.93s
