[ 2025-12-25 15:28:50,456 ] 36 root - INFO - FeatureTypeInference initialized with 32561 rows, 15 columns
[ 2025-12-25 15:28:50,947 ] 53 root - INFO - Feature type inference complete. Classified 14 features
[ 2025-12-25 15:28:50,948 ] 49 root - INFO - IssueDetector initialized for dataset with 32561 rows, 15 columns
[ 2025-12-25 15:28:50,949 ] 36 root - INFO - FeatureTypeInference initialized with 32561 rows, 15 columns
[ 2025-12-25 15:28:51,420 ] 53 root - INFO - Feature type inference complete. Classified 14 features
[ 2025-12-25 15:28:51,421 ] 54 root - INFO - Feature types inferred: 14 features classified
[ 2025-12-25 15:28:51,421 ] 34 root - INFO - OutlierDetector initialized with 32561 rows
[ 2025-12-25 15:28:51,422 ] 186 root - INFO - ConstantFeatureDetector initialized (threshold=0.99)
[ 2025-12-25 15:28:51,423 ] 69 root - INFO - Starting comprehensive issue detection...
[ 2025-12-25 15:28:51,423 ] 83 root - INFO - Detecting missing values...
[ 2025-12-25 15:28:51,463 ] 140 root - INFO - Found missing values in 3 columns (global: 0.87%)
[ 2025-12-25 15:28:51,464 ] 147 root - INFO - Detecting outliers (continuous_numeric features only)...
[ 2025-12-25 15:28:51,473 ] 136 root - INFO - Outlier detection for 'Age': 143 outliers (0.44%), severity=low
[ 2025-12-25 15:28:51,483 ] 136 root - INFO - Outlier detection for 'fnlwgt': 992 outliers (3.05%), severity=medium
[ 2025-12-25 15:28:51,501 ] 136 root - INFO - Outlier detection for 'Hours_per_week': 9008 outliers (27.66%), severity=high
[ 2025-12-25 15:28:51,501 ] 161 root - INFO - Detected outliers in 3 columns
[ 2025-12-25 15:28:51,502 ] 194 root - INFO - Detected outliers in 3 columns
[ 2025-12-25 15:28:51,502 ] 299 root - INFO - Detecting constant/near-constant features...
[ 2025-12-25 15:28:51,612 ] 266 root - INFO - Detected 0 constant/near-constant features
[ 2025-12-25 15:28:51,612 ] 338 root - INFO - No constant/near-constant features detected
[ 2025-12-25 15:28:51,612 ] 203 root - INFO - Checking for class imbalance...
[ 2025-12-25 15:28:51,623 ] 244 root - INFO - Detected class imbalance (ratio: 3.15:1, severity: medium)
[ 2025-12-25 15:28:51,624 ] 251 root - INFO - Detecting high cardinality features...
[ 2025-12-25 15:28:51,624 ] 294 root - INFO - No high cardinality features detected
[ 2025-12-25 15:28:51,624 ] 77 root - INFO - Issue detection complete. Found 7 issues
[ 2025-12-25 15:28:56,229 ] 36 root - INFO - FeatureTypeInference initialized with 32561 rows, 15 columns
[ 2025-12-25 15:28:56,694 ] 53 root - INFO - Feature type inference complete. Classified 14 features
[ 2025-12-25 15:28:56,695 ] 49 root - INFO - IssueDetector initialized for dataset with 32561 rows, 15 columns
[ 2025-12-25 15:28:56,696 ] 36 root - INFO - FeatureTypeInference initialized with 32561 rows, 15 columns
[ 2025-12-25 15:28:57,192 ] 53 root - INFO - Feature type inference complete. Classified 14 features
[ 2025-12-25 15:28:57,194 ] 54 root - INFO - Feature types inferred: 14 features classified
[ 2025-12-25 15:28:57,195 ] 34 root - INFO - OutlierDetector initialized with 32561 rows
[ 2025-12-25 15:28:57,195 ] 186 root - INFO - ConstantFeatureDetector initialized (threshold=0.99)
[ 2025-12-25 15:28:57,195 ] 69 root - INFO - Starting comprehensive issue detection...
[ 2025-12-25 15:28:57,195 ] 83 root - INFO - Detecting missing values...
[ 2025-12-25 15:28:57,243 ] 140 root - INFO - Found missing values in 3 columns (global: 0.87%)
[ 2025-12-25 15:28:57,244 ] 147 root - INFO - Detecting outliers (continuous_numeric features only)...
[ 2025-12-25 15:28:57,259 ] 136 root - INFO - Outlier detection for 'Age': 143 outliers (0.44%), severity=low
[ 2025-12-25 15:28:57,269 ] 136 root - INFO - Outlier detection for 'fnlwgt': 992 outliers (3.05%), severity=medium
[ 2025-12-25 15:28:57,290 ] 136 root - INFO - Outlier detection for 'Hours_per_week': 9008 outliers (27.66%), severity=high
[ 2025-12-25 15:28:57,290 ] 161 root - INFO - Detected outliers in 3 columns
[ 2025-12-25 15:28:57,290 ] 194 root - INFO - Detected outliers in 3 columns
[ 2025-12-25 15:28:57,291 ] 299 root - INFO - Detecting constant/near-constant features...
[ 2025-12-25 15:28:57,401 ] 266 root - INFO - Detected 0 constant/near-constant features
[ 2025-12-25 15:28:57,401 ] 338 root - INFO - No constant/near-constant features detected
[ 2025-12-25 15:28:57,401 ] 203 root - INFO - Checking for class imbalance...
[ 2025-12-25 15:28:57,419 ] 244 root - INFO - Detected class imbalance (ratio: 3.15:1, severity: medium)
[ 2025-12-25 15:28:57,420 ] 251 root - INFO - Detecting high cardinality features...
[ 2025-12-25 15:28:57,420 ] 294 root - INFO - No high cardinality features detected
[ 2025-12-25 15:28:57,420 ] 77 root - INFO - Issue detection complete. Found 7 issues
[ 2025-12-25 15:28:58,774 ] 36 root - INFO - FeatureTypeInference initialized with 32561 rows, 15 columns
[ 2025-12-25 15:28:59,242 ] 53 root - INFO - Feature type inference complete. Classified 14 features
[ 2025-12-25 15:28:59,255 ] 49 root - INFO - IssueDetector initialized for dataset with 32561 rows, 15 columns
[ 2025-12-25 15:28:59,255 ] 36 root - INFO - FeatureTypeInference initialized with 32561 rows, 15 columns
[ 2025-12-25 15:28:59,702 ] 53 root - INFO - Feature type inference complete. Classified 14 features
[ 2025-12-25 15:28:59,702 ] 54 root - INFO - Feature types inferred: 14 features classified
[ 2025-12-25 15:28:59,703 ] 34 root - INFO - OutlierDetector initialized with 32561 rows
[ 2025-12-25 15:28:59,703 ] 186 root - INFO - ConstantFeatureDetector initialized (threshold=0.99)
[ 2025-12-25 15:28:59,703 ] 69 root - INFO - Starting comprehensive issue detection...
[ 2025-12-25 15:28:59,703 ] 83 root - INFO - Detecting missing values...
[ 2025-12-25 15:28:59,748 ] 140 root - INFO - Found missing values in 3 columns (global: 0.87%)
[ 2025-12-25 15:28:59,748 ] 147 root - INFO - Detecting outliers (continuous_numeric features only)...
[ 2025-12-25 15:28:59,756 ] 136 root - INFO - Outlier detection for 'Age': 143 outliers (0.44%), severity=low
[ 2025-12-25 15:28:59,764 ] 136 root - INFO - Outlier detection for 'fnlwgt': 992 outliers (3.05%), severity=medium
[ 2025-12-25 15:28:59,781 ] 136 root - INFO - Outlier detection for 'Hours_per_week': 9008 outliers (27.66%), severity=high
[ 2025-12-25 15:28:59,782 ] 161 root - INFO - Detected outliers in 3 columns
[ 2025-12-25 15:28:59,782 ] 194 root - INFO - Detected outliers in 3 columns
[ 2025-12-25 15:28:59,782 ] 299 root - INFO - Detecting constant/near-constant features...
[ 2025-12-25 15:28:59,882 ] 266 root - INFO - Detected 0 constant/near-constant features
[ 2025-12-25 15:28:59,882 ] 338 root - INFO - No constant/near-constant features detected
[ 2025-12-25 15:28:59,883 ] 203 root - INFO - Checking for class imbalance...
[ 2025-12-25 15:28:59,899 ] 244 root - INFO - Detected class imbalance (ratio: 3.15:1, severity: medium)
[ 2025-12-25 15:28:59,900 ] 251 root - INFO - Detecting high cardinality features...
[ 2025-12-25 15:28:59,900 ] 294 root - INFO - No high cardinality features detected
[ 2025-12-25 15:28:59,901 ] 77 root - INFO - Issue detection complete. Found 7 issues
[ 2025-12-25 15:29:02,162 ] 36 root - INFO - FeatureTypeInference initialized with 32561 rows, 15 columns
[ 2025-12-25 15:29:02,632 ] 53 root - INFO - Feature type inference complete. Classified 14 features
[ 2025-12-25 15:29:02,633 ] 49 root - INFO - IssueDetector initialized for dataset with 32561 rows, 15 columns
[ 2025-12-25 15:29:02,633 ] 36 root - INFO - FeatureTypeInference initialized with 32561 rows, 15 columns
[ 2025-12-25 15:29:03,071 ] 53 root - INFO - Feature type inference complete. Classified 14 features
[ 2025-12-25 15:29:03,072 ] 54 root - INFO - Feature types inferred: 14 features classified
[ 2025-12-25 15:29:03,072 ] 34 root - INFO - OutlierDetector initialized with 32561 rows
[ 2025-12-25 15:29:03,072 ] 186 root - INFO - ConstantFeatureDetector initialized (threshold=0.99)
[ 2025-12-25 15:29:03,072 ] 69 root - INFO - Starting comprehensive issue detection...
[ 2025-12-25 15:29:03,073 ] 83 root - INFO - Detecting missing values...
[ 2025-12-25 15:29:03,124 ] 140 root - INFO - Found missing values in 3 columns (global: 0.87%)
[ 2025-12-25 15:29:03,125 ] 147 root - INFO - Detecting outliers (continuous_numeric features only)...
[ 2025-12-25 15:29:03,133 ] 136 root - INFO - Outlier detection for 'Age': 143 outliers (0.44%), severity=low
[ 2025-12-25 15:29:03,142 ] 136 root - INFO - Outlier detection for 'fnlwgt': 992 outliers (3.05%), severity=medium
[ 2025-12-25 15:29:03,159 ] 136 root - INFO - Outlier detection for 'Hours_per_week': 9008 outliers (27.66%), severity=high
[ 2025-12-25 15:29:03,160 ] 161 root - INFO - Detected outliers in 3 columns
[ 2025-12-25 15:29:03,160 ] 194 root - INFO - Detected outliers in 3 columns
[ 2025-12-25 15:29:03,160 ] 299 root - INFO - Detecting constant/near-constant features...
[ 2025-12-25 15:29:03,258 ] 266 root - INFO - Detected 0 constant/near-constant features
[ 2025-12-25 15:29:03,259 ] 338 root - INFO - No constant/near-constant features detected
[ 2025-12-25 15:29:03,259 ] 203 root - INFO - Checking for class imbalance...
[ 2025-12-25 15:29:03,270 ] 244 root - INFO - Detected class imbalance (ratio: 3.15:1, severity: medium)
[ 2025-12-25 15:29:03,270 ] 251 root - INFO - Detecting high cardinality features...
[ 2025-12-25 15:29:03,270 ] 294 root - INFO - No high cardinality features detected
[ 2025-12-25 15:29:03,270 ] 77 root - INFO - Issue detection complete. Found 7 issues
[ 2025-12-25 15:29:05,893 ] 28 root - INFO - Entered the data ingestion component
[ 2025-12-25 15:29:06,334 ] 34 root - INFO - Saved raw dataset to artifacts
[ 2025-12-25 15:29:06,845 ] 40 root - INFO - Saved train/test splits to artifacts
[ 2025-12-25 15:29:41,754 ] 46 root - INFO - Generated EDA report
[ 2025-12-25 15:29:42,389 ] 36 root - INFO - FeatureTypeInference initialized with 32561 rows, 15 columns
[ 2025-12-25 15:29:42,916 ] 53 root - INFO - Feature type inference complete. Classified 14 features
[ 2025-12-25 15:29:42,917 ] 216 root - INFO - Column groups \u2192 numeric:['Age', 'fnlwgt', 'Education_Num', 'Capital_Gain', 'Capital_Loss', 'Hours_per_week'], categorical:['Workclass', 'Education', 'Martial_Status', 'Occupation', 'Relationship', 'Race', 'Sex', 'Country'], datetime(dropped):[], id_like(dropped):[]
[ 2025-12-25 15:29:42,992 ] 42 root - INFO - PreprocessingApplicator initialized with 32561 rows, 15 columns
[ 2025-12-25 15:29:42,993 ] 55 root - INFO - Applying missing value imputation...
[ 2025-12-25 15:29:43,020 ] 151 root - INFO - Imputed 1836 missing values in 'Workclass' with mode=Private
[ 2025-12-25 15:29:43,039 ] 151 root - INFO - Imputed 1843 missing values in 'Occupation' with mode=Prof-specialty
[ 2025-12-25 15:29:43,059 ] 151 root - INFO - Imputed 583 missing values in 'Country' with mode=United-States
[ 2025-12-25 15:29:43,059 ] 190 root - INFO - Applying outlier handling...
[ 2025-12-25 15:29:43,060 ] 346 root - INFO - Applying class imbalance handling: class_weights...
[ 2025-12-25 15:29:43,070 ] 362 root - INFO - Class weights will be applied during model training: {'<=50K': 24720, '>50K': 7841}
[ 2025-12-25 15:29:43,195 ] 75 root - INFO - Categorical columns: ['Workclass', 'Education', 'Martial_Status', 'Occupation', 'Relationship', 'Race', 'Sex', 'Country']
[ 2025-12-25 15:29:43,195 ] 76 root - INFO - Numerical columns: ['Age', 'fnlwgt', 'Education_Num', 'Capital_Gain', 'Capital_Loss', 'Hours_per_week']
[ 2025-12-25 15:29:43,224 ] 143 root - INFO - Target column is categorical with values: ['>50K' '<=50K']
[ 2025-12-25 15:29:43,224 ] 144 root - INFO - Encoding categorical target using LabelEncoder
[ 2025-12-25 15:29:43,242 ] 149 root - INFO - Target encoded: {'<=50K': np.int64(0), '>50K': np.int64(1)}
[ 2025-12-25 15:29:43,251 ] 294 root - INFO - Target encoder saved to artifacts\target_encoder.pkl
[ 2025-12-25 15:30:17,545 ] 37 root - INFO - Split training and test input data
[ 2025-12-25 15:32:22,501 ] 91 root - INFO - Search params for Random Forest: {'max_depth': None, 'n_estimators': 128}
[ 2025-12-25 15:32:23,943 ] 127 root - INFO - Random Forest - Acc: 0.8583, Prec: 0.7464, Rec: 0.6231, F1: 0.6792, Time: 124.97s
[ 2025-12-25 15:32:35,233 ] 91 root - INFO - Search params for Decision Tree: {'criterion': 'entropy', 'max_depth': None}
[ 2025-12-25 15:32:35,305 ] 127 root - INFO - Decision Tree - Acc: 0.8168, Prec: 0.6136, Rec: 0.6460, F1: 0.6294, Time: 11.29s
[ 2025-12-25 15:32:41,963 ] 91 root - INFO - Search params for Logistic Regression: {'C': 2.0, 'penalty': 'l2', 'solver': 'lbfgs'}
[ 2025-12-25 15:32:42,032 ] 127 root - INFO - Logistic Regression - Acc: 0.8072, Prec: 0.5662, Rec: 0.8514, F1: 0.6801, Time: 6.66s
[ 2025-12-25 15:35:08,875 ] 37 root - INFO - Split training and test input data
[ 2025-12-25 15:36:23,802 ] 91 root - INFO - Search params for AdaBoost Classifier: {'learning_rate': 1.0, 'n_estimators': 128}
[ 2025-12-25 15:36:24,525 ] 127 root - INFO - AdaBoost Classifier - Acc: 0.8583, Prec: 0.7611, Rec: 0.5995, F1: 0.6707, Time: 221.77s
[ 2025-12-25 15:36:35,154 ] 91 root - INFO - Search params for Random Forest: {'max_depth': None, 'n_estimators': 128}
[ 2025-12-25 15:36:36,499 ] 127 root - INFO - Random Forest - Acc: 0.8594, Prec: 0.7466, Rec: 0.6295, F1: 0.6830, Time: 86.17s
[ 2025-12-25 15:37:03,974 ] 91 root - INFO - Search params for Decision Tree: {'criterion': 'gini', 'max_depth': None}
[ 2025-12-25 15:37:04,006 ] 127 root - INFO - Decision Tree - Acc: 0.8164, Prec: 0.6160, Rec: 0.6301, F1: 0.6230, Time: 27.47s
[ 2025-12-25 15:37:06,602 ] 91 root - INFO - Search params for Logistic Regression: {'C': 2.0, 'penalty': 'l2', 'solver': 'lbfgs'}
[ 2025-12-25 15:37:06,724 ] 127 root - INFO - Logistic Regression - Acc: 0.8072, Prec: 0.5662, Rec: 0.8514, F1: 0.6801, Time: 2.60s
[ 2025-12-25 15:37:24,908 ] 91 root - INFO - Search params for K-Nearest Neighbors: {'metric': 'manhattan', 'n_neighbors': 9}
[ 2025-12-25 15:38:32,058 ] 127 root - INFO - K-Nearest Neighbors - Acc: 0.8356, Prec: 0.6895, Rec: 0.5765, F1: 0.6280, Time: 60.38s
[ 2025-12-25 15:38:32,462 ] 127 root - INFO - Naive Bayes - Acc: 0.4377, Prec: 0.2964, Rec: 0.9719, F1: 0.4542, Time: 0.21s
[ 2025-12-25 15:39:59,301 ] 91 root - INFO - Search params for AdaBoost Classifier: {'learning_rate': 1.0, 'n_estimators': 128}
[ 2025-12-25 15:40:03,118 ] 127 root - INFO - AdaBoost Classifier - Acc: 0.8583, Prec: 0.7611, Rec: 0.5995, F1: 0.6707, Time: 172.61s
[ 2025-12-25 15:43:20,367 ] 37 root - INFO - Split training and test input data
