[ 2025-12-25 17:44:26,926 ] 36 root - INFO - FeatureTypeInference initialized with 50000 rows, 21 columns
[ 2025-12-25 17:44:27,372 ] 53 root - INFO - Feature type inference complete. Classified 20 features
[ 2025-12-25 17:44:27,373 ] 49 root - INFO - IssueDetector initialized for dataset with 50000 rows, 21 columns
[ 2025-12-25 17:44:27,374 ] 36 root - INFO - FeatureTypeInference initialized with 50000 rows, 21 columns
[ 2025-12-25 17:44:27,827 ] 53 root - INFO - Feature type inference complete. Classified 20 features
[ 2025-12-25 17:44:27,828 ] 54 root - INFO - Feature types inferred: 20 features classified
[ 2025-12-25 17:44:27,828 ] 34 root - INFO - OutlierDetector initialized with 50000 rows
[ 2025-12-25 17:44:27,858 ] 186 root - INFO - ConstantFeatureDetector initialized (threshold=0.99)
[ 2025-12-25 17:44:27,859 ] 69 root - INFO - Starting comprehensive issue detection...
[ 2025-12-25 17:44:27,859 ] 83 root - INFO - Detecting missing values...
[ 2025-12-25 17:44:27,946 ] 142 root - INFO - No missing values detected
[ 2025-12-25 17:44:27,947 ] 147 root - INFO - Detecting outliers (continuous_numeric features only)...
[ 2025-12-25 17:44:27,961 ] 136 root - INFO - Outlier detection for 'severity_index': 0 outliers (0.00%), severity=low
[ 2025-12-25 17:44:27,971 ] 136 root - INFO - Outlier detection for 'casualties': 0 outliers (0.00%), severity=low
[ 2025-12-25 17:44:27,981 ] 136 root - INFO - Outlier detection for 'economic_loss_usd': 0 outliers (0.00%), severity=low
[ 2025-12-25 17:44:27,998 ] 136 root - INFO - Outlier detection for 'response_time_hours': 2522 outliers (5.04%), severity=high
[ 2025-12-25 17:44:28,015 ] 136 root - INFO - Outlier detection for 'aid_amount_usd': 0 outliers (0.00%), severity=low
[ 2025-12-25 17:44:28,031 ] 136 root - INFO - Outlier detection for 'response_efficiency_score': 2015 outliers (4.03%), severity=medium
[ 2025-12-25 17:44:28,045 ] 136 root - INFO - Outlier detection for 'recovery_days': 0 outliers (0.00%), severity=low
[ 2025-12-25 17:44:28,058 ] 136 root - INFO - Outlier detection for 'latitude': 0 outliers (0.00%), severity=low
[ 2025-12-25 17:44:28,069 ] 136 root - INFO - Outlier detection for 'longitude': 0 outliers (0.00%), severity=low
[ 2025-12-25 17:44:28,082 ] 136 root - INFO - Outlier detection for 'aid_per_casualty': 4652 outliers (9.30%), severity=high
[ 2025-12-25 17:44:28,095 ] 136 root - INFO - Outlier detection for 'loss_per_casualty': 4461 outliers (8.92%), severity=high
[ 2025-12-25 17:44:28,096 ] 161 root - INFO - Detected outliers in 4 columns
[ 2025-12-25 17:44:28,096 ] 194 root - INFO - Detected outliers in 4 columns
[ 2025-12-25 17:44:28,097 ] 299 root - INFO - Detecting constant/near-constant features...
[ 2025-12-25 17:44:28,392 ] 266 root - INFO - Detected 0 constant/near-constant features
[ 2025-12-25 17:44:28,392 ] 338 root - INFO - No constant/near-constant features detected
[ 2025-12-25 17:44:28,392 ] 203 root - INFO - Checking for class imbalance...
[ 2025-12-25 17:44:28,411 ] 244 root - INFO - Detected class imbalance (ratio: 7.41:1, severity: medium)
[ 2025-12-25 17:44:28,411 ] 251 root - INFO - Detecting high cardinality features...
[ 2025-12-25 17:44:28,412 ] 292 root - INFO - Detected high cardinality in 1 features
[ 2025-12-25 17:44:28,412 ] 77 root - INFO - Issue detection complete. Found 6 issues
[ 2025-12-25 17:44:39,322 ] 36 root - INFO - FeatureTypeInference initialized with 50000 rows, 21 columns
[ 2025-12-25 17:44:39,579 ] 53 root - INFO - Feature type inference complete. Classified 20 features
[ 2025-12-25 17:44:39,580 ] 49 root - INFO - IssueDetector initialized for dataset with 50000 rows, 21 columns
[ 2025-12-25 17:44:39,580 ] 36 root - INFO - FeatureTypeInference initialized with 50000 rows, 21 columns
[ 2025-12-25 17:44:39,819 ] 53 root - INFO - Feature type inference complete. Classified 20 features
[ 2025-12-25 17:44:39,820 ] 54 root - INFO - Feature types inferred: 20 features classified
[ 2025-12-25 17:44:39,820 ] 34 root - INFO - OutlierDetector initialized with 50000 rows
[ 2025-12-25 17:44:39,820 ] 186 root - INFO - ConstantFeatureDetector initialized (threshold=0.99)
[ 2025-12-25 17:44:39,821 ] 69 root - INFO - Starting comprehensive issue detection...
[ 2025-12-25 17:44:39,821 ] 83 root - INFO - Detecting missing values...
[ 2025-12-25 17:44:39,844 ] 142 root - INFO - No missing values detected
[ 2025-12-25 17:44:39,845 ] 147 root - INFO - Detecting outliers (continuous_numeric features only)...
[ 2025-12-25 17:44:39,850 ] 136 root - INFO - Outlier detection for 'severity_index': 0 outliers (0.00%), severity=low
[ 2025-12-25 17:44:39,858 ] 136 root - INFO - Outlier detection for 'casualties': 0 outliers (0.00%), severity=low
[ 2025-12-25 17:44:39,866 ] 136 root - INFO - Outlier detection for 'economic_loss_usd': 0 outliers (0.00%), severity=low
[ 2025-12-25 17:44:39,875 ] 136 root - INFO - Outlier detection for 'response_time_hours': 2522 outliers (5.04%), severity=high
[ 2025-12-25 17:44:39,883 ] 136 root - INFO - Outlier detection for 'aid_amount_usd': 0 outliers (0.00%), severity=low
[ 2025-12-25 17:44:39,890 ] 136 root - INFO - Outlier detection for 'response_efficiency_score': 2015 outliers (4.03%), severity=medium
[ 2025-12-25 17:44:39,896 ] 136 root - INFO - Outlier detection for 'recovery_days': 0 outliers (0.00%), severity=low
[ 2025-12-25 17:44:39,903 ] 136 root - INFO - Outlier detection for 'latitude': 0 outliers (0.00%), severity=low
[ 2025-12-25 17:44:39,908 ] 136 root - INFO - Outlier detection for 'longitude': 0 outliers (0.00%), severity=low
[ 2025-12-25 17:44:39,915 ] 136 root - INFO - Outlier detection for 'aid_per_casualty': 4652 outliers (9.30%), severity=high
[ 2025-12-25 17:44:39,922 ] 136 root - INFO - Outlier detection for 'loss_per_casualty': 4461 outliers (8.92%), severity=high
[ 2025-12-25 17:44:39,923 ] 161 root - INFO - Detected outliers in 4 columns
[ 2025-12-25 17:44:39,923 ] 194 root - INFO - Detected outliers in 4 columns
[ 2025-12-25 17:44:39,923 ] 299 root - INFO - Detecting constant/near-constant features...
[ 2025-12-25 17:44:40,093 ] 266 root - INFO - Detected 0 constant/near-constant features
[ 2025-12-25 17:44:40,093 ] 338 root - INFO - No constant/near-constant features detected
[ 2025-12-25 17:44:40,093 ] 203 root - INFO - Checking for class imbalance...
[ 2025-12-25 17:44:40,103 ] 244 root - INFO - Detected class imbalance (ratio: 7.41:1, severity: medium)
[ 2025-12-25 17:44:40,104 ] 251 root - INFO - Detecting high cardinality features...
[ 2025-12-25 17:44:40,104 ] 292 root - INFO - Detected high cardinality in 1 features
[ 2025-12-25 17:44:40,104 ] 77 root - INFO - Issue detection complete. Found 6 issues
[ 2025-12-25 17:44:42,511 ] 28 root - INFO - Entered the data ingestion component
[ 2025-12-25 17:44:44,000 ] 34 root - INFO - Saved raw dataset to artifacts
[ 2025-12-25 17:44:45,500 ] 40 root - INFO - Saved train/test splits to artifacts
[ 2025-12-25 17:46:39,086 ] 46 root - INFO - Generated EDA report
[ 2025-12-25 17:46:39,606 ] 36 root - INFO - FeatureTypeInference initialized with 50000 rows, 21 columns
[ 2025-12-25 17:46:40,040 ] 53 root - INFO - Feature type inference complete. Classified 20 features
[ 2025-12-25 17:46:40,040 ] 216 root - INFO - Column groups \u2192 numeric:['severity_index', 'casualties', 'economic_loss_usd', 'response_time_hours', 'aid_amount_usd', 'response_efficiency_score', 'recovery_days', 'latitude', 'longitude', 'month', 'aid_per_casualty', 'loss_per_casualty'], categorical:['date', 'country', 'disaster_type', 'year', 'quarter', 'day_of_week', 'severity_category', 'efficiency_category'], datetime(dropped):[], id_like(dropped):[]
[ 2025-12-25 17:46:40,082 ] 42 root - INFO - PreprocessingApplicator initialized with 50000 rows, 21 columns
[ 2025-12-25 17:46:40,083 ] 190 root - INFO - Applying outlier handling...
[ 2025-12-25 17:46:40,092 ] 268 root - INFO - Capped 2015 outliers in 'response_efficiency_score'
[ 2025-12-25 17:46:40,093 ] 346 root - INFO - Applying class imbalance handling: class_weights...
[ 2025-12-25 17:46:40,104 ] 362 root - INFO - Class weights will be applied during model training: {'Fast': 29288, 'Moderate': 16761, 'Slow': 3951}
[ 2025-12-25 17:46:40,306 ] 75 root - INFO - Categorical columns: ['date', 'country', 'disaster_type', 'year', 'quarter', 'day_of_week', 'severity_category', 'efficiency_category']
[ 2025-12-25 17:46:40,306 ] 76 root - INFO - Numerical columns: ['severity_index', 'casualties', 'economic_loss_usd', 'response_time_hours', 'aid_amount_usd', 'response_efficiency_score', 'recovery_days', 'latitude', 'longitude', 'month', 'aid_per_casualty', 'loss_per_casualty']
[ 2025-12-25 17:46:40,333 ] 143 root - INFO - Target column is categorical with values: ['Fast' 'Moderate' 'Slow']
[ 2025-12-25 17:46:40,334 ] 144 root - INFO - Encoding categorical target using LabelEncoder
[ 2025-12-25 17:46:40,356 ] 149 root - INFO - Target encoded: {'Fast': np.int64(0), 'Moderate': np.int64(1), 'Slow': np.int64(2)}
[ 2025-12-25 17:46:40,367 ] 294 root - INFO - Target encoder saved to artifacts\target_encoder.pkl
[ 2025-12-25 17:47:08,744 ] 37 root - INFO - Split training and test input data
[ 2025-12-25 17:48:39,574 ] 91 root - INFO - Search params for Random Forest: {'n_estimators': 32, 'max_depth': 5}
[ 2025-12-25 17:48:40,643 ] 127 root - INFO - Random Forest - Acc: 0.8408, Prec: 0.8468, Rec: 0.8408, F1: 0.8358, Time: 90.81s
[ 2025-12-25 17:49:54,026 ] 91 root - INFO - Search params for Decision Tree: {'max_depth': 5, 'criterion': 'gini'}
[ 2025-12-25 17:49:54,884 ] 127 root - INFO - Decision Tree - Acc: 1.0000, Prec: 1.0000, Rec: 1.0000, F1: 1.0000, Time: 73.39s
[ 2025-12-25 17:57:24,917 ] 91 root - INFO - Search params for Logistic Regression: {'solver': 'lbfgs', 'penalty': 'l2', 'C': 1.0}
[ 2025-12-25 17:57:25,968 ] 127 root - INFO - Logistic Regression - Acc: 0.9568, Prec: 0.9569, Rec: 0.9568, F1: 0.9569, Time: 450.04s
[ 2025-12-25 18:39:17,550 ] 91 root - INFO - Search params for AdaBoost Classifier: {'n_estimators': 32, 'learning_rate': 1.0}
[ 2025-12-25 18:39:20,606 ] 127 root - INFO - AdaBoost Classifier - Acc: 1.0000, Prec: 1.0000, Rec: 1.0000, F1: 1.0000, Time: 2511.59s
[ 2025-12-25 18:39:20,701 ] 171 root - ERROR - Error in evaluate_models: cannot schedule new futures after interpreter shutdown
[ 2025-12-25 18:39:20,702 ] 120 root - ERROR - Exception occurred in model training: Error occured in python script name [F:\ML\Project\AutoML_Project\src\utils\__init__.py] line number [89] error message[cannot schedule new futures after interpreter shutdown]
